Loading scored stocks...
Fetching FX rate...
  GHS per USD: 11.4000 (source: yfinance:GHS=X)

========================================================================
GSE PORTFOLIO RECOMMENDATION
========================================================================
  Budget:         GHS 227,999.99  /  USD 20,000.00
  FX rate:        11.4000 GHS per USD (yfinance:GHS=X)
  Horizon:        3 years
  Risk tolerance: high
  Target stocks:  8

RECOMMENDED POSITIONS
------------------------------------------------------------------------
  Ticker    Shares    Price     Cost GHS   Cost USD   Weight  Notes
  GCB          927    36.00    33,372.00   2,927.37    14.6%  
  UNIL         301    30.00     9,030.00     792.11     4.0%  liquidity-capped (~0.2 days to fill at avg vol)
  EGL         1168    10.64    12,427.52   1,090.13     5.5%  liquidity-capped (~0.2 days to fill at avg vol)
  FAB         3602     7.97    28,707.94   2,518.24    12.6%  
  ACCESS       145    27.60     4,002.00     351.05     1.8%  liquidity-capped (~0.2 days to fill at avg vol)
  EGH          248    48.85    12,114.80   1,062.70     5.3%  liquidity-capped (~0.2 days to fill at avg vol)
  MTNGH       3781     6.50    24,576.50   2,155.83    10.8%  
  SCB           79    71.38     5,639.02     494.65     2.5%  liquidity-capped (~0.2 days to fill at avg vol)
------------------------------------------------------------------------
  TOTAL INVESTED:  GHS 129,869.78  /  USD 11,392.09
  CASH RESIDUAL:   GHS 98,130.21  /  USD 8,607.91

NOTES & EXCLUSIONS
  - Liquidity cap applied to: ['UNIL', 'EGL', 'ACCESS', 'EGH', 'SCB']. Residual unallocated because we don't push into less liquid names that would also be capped.

IMPORTANT CAVEATS:
  - This is a fundamental-quality-driven allocation, NOT a return prediction.
  - GSE 1-year returns are partly cedi inflation, not real value creation.
  - Liquidity on the GSE is limited -- actual fills may differ from quoted prices.
  - Do your own research before investing. This is not investment advice.

Saved JSON to: C:\Users\nanas\Downloads\stocks\trading-system\data_ghana\latest_recommendation.json
