Loading features from C:\Users\nanas\Downloads\stocks\trading-system\data\features.parquet
  shape: (1939917, 31)

Adding forward returns...

Forward returns:   0%|          | 0/501 [00:00<?, ?it/s]
Forward returns:   0%|          | 1/501 [00:00<02:39,  3.14it/s]
Forward returns:   9%|8         | 45/501 [00:00<00:03, 137.65it/s]
Forward returns:  19%|#9        | 96/501 [00:00<00:01, 251.39it/s]
Forward returns:  27%|##6       | 134/501 [00:00<00:01, 288.52it/s]
Forward returns:  34%|###4      | 172/501 [00:00<00:01, 311.33it/s]
Forward returns:  42%|####2     | 212/501 [00:00<00:00, 337.66it/s]
Forward returns:  50%|#####     | 252/501 [00:00<00:00, 355.32it/s]
Forward returns:  60%|#####9    | 300/501 [00:01<00:00, 392.33it/s]
Forward returns:  68%|######8   | 342/501 [00:01<00:00, 389.41it/s]
Forward returns:  76%|#######6  | 383/501 [00:01<00:00, 344.47it/s]
Forward returns:  84%|########3 | 420/501 [00:01<00:00, 317.78it/s]
Forward returns:  91%|######### | 454/501 [00:01<00:00, 261.73it/s]
Forward returns:  96%|#########6| 483/501 [00:01<00:00, 254.63it/s]
Forward returns: 100%|##########| 501/501 [00:01<00:00, 276.77it/s]

Adding cross-sectional rank labels...

Dropped 2,505 rows with missing forward returns
Final shape: (1937412, 35)

  Saved to: C:\Users\nanas\Downloads\stocks\trading-system\data\training_set.parquet (412.0 MB)

--- LABEL SANITY ---
fwd_ret_5d_xs_rank min/max: 0.0020 / 1.0000
  mean: 0.5011 (should be ~0.5)
  median: 0.5011
