[info] Universe source: wikipedia (503 tickers)

Ingesting 503 tickers from yfinance
Date range: 2010-01-01 to today
Output: C:\Users\nanas\Downloads\stocks\trading-system\data\bars_daily
Ingesting:   0%|          | 0/503 [00:00<?, ?it/s]
Ingesting:   0%|          | 1/503 [00:00<08:19,  1.00it/s]
Ingesting:   0%|          | 2/503 [00:01<05:39,  1.48it/s]
Ingesting:   1%|          | 3/503 [00:01<04:24,  1.89it/s]
Ingesting:   1%|          | 4/503 [00:02<03:43,  2.24it/s]
Ingesting:   1%|          | 5/503 [00:02<03:40,  2.26it/s]
Ingesting:   1%|1         | 6/503 [00:03<03:42,  2.24it/s]
Ingesting:   1%|1         | 7/503 [00:03<03:23,  2.44it/s]
Ingesting:   2%|1         | 8/503 [00:03<03:03,  2.70it/s]
Ingesting:   2%|1         | 9/503 [00:04<03:18,  2.48it/s]
Ingesting:   2%|1         | 10/503 [00:04<03:28,  2.37it/s]
Ingesting:   2%|2         | 11/503 [00:05<03:57,  2.07it/s]
Ingesting:   2%|2         | 12/503 [00:05<03:50,  2.13it/s]
Ingesting:   3%|2         | 13/503 [00:06<03:54,  2.09it/s]
Ingesting:   3%|2         | 14/503 [00:06<04:18,  1.89it/s]
Ingesting:   3%|2         | 15/503 [00:07<04:07,  1.97it/s]
Ingesting:   3%|3         | 16/503 [00:07<04:04,  1.99it/s]
Ingesting:   3%|3         | 17/503 [00:08<04:13,  1.92it/s]
Ingesting:   4%|3         | 18/503 [00:08<04:18,  1.88it/s]
Ingesting:   4%|3         | 19/503 [00:09<04:25,  1.83it/s]
Ingesting:   4%|3         | 20/503 [00:09<03:56,  2.05it/s]
Ingesting:   4%|4         | 21/503 [00:10<04:01,  1.99it/s]
Ingesting:   4%|4         | 22/503 [00:10<03:36,  2.22it/s]
Ingesting:   5%|4         | 23/503 [00:11<03:41,  2.17it/s]
Ingesting:   5%|4         | 24/503 [00:11<03:25,  2.33it/s]
Ingesting:   5%|4         | 25/503 [00:11<03:32,  2.24it/s]
Ingesting:   5%|5         | 26/503 [00:12<03:29,  2.28it/s]
Ingesting:   5%|5         | 27/503 [00:12<03:10,  2.50it/s]
Ingesting:   6%|5         | 28/503 [00:13<03:31,  2.24it/s]
Ingesting:   6%|5         | 29/503 [00:13<03:34,  2.20it/s]
Ingesting:   6%|5         | 30/503 [00:14<03:44,  2.11it/s]
Ingesting:   6%|6         | 31/503 [00:14<03:45,  2.10it/s]
Ingesting:   6%|6         | 32/503 [00:15<03:16,  2.40it/s]
Ingesting:   7%|6         | 33/503 [00:15<03:07,  2.50it/s]
Ingesting:   7%|6         | 34/503 [00:15<03:16,  2.38it/s]
Ingesting:   7%|6         | 35/503 [00:16<03:32,  2.20it/s]
Ingesting:   7%|7         | 36/503 [00:16<03:40,  2.12it/s]
Ingesting:   7%|7         | 37/503 [00:17<03:45,  2.07it/s]
Ingesting:   8%|7         | 38/503 [00:17<03:38,  2.13it/s]
Ingesting:   8%|7         | 39/503 [00:18<03:39,  2.11it/s]
Ingesting:   8%|7         | 40/503 [00:18<03:32,  2.17it/s]
Ingesting:   8%|8         | 41/503 [00:19<03:28,  2.22it/s]
Ingesting:   8%|8         | 42/503 [00:19<03:38,  2.11it/s]
Ingesting:   9%|8         | 43/503 [00:20<03:29,  2.20it/s]
Ingesting:   9%|8         | 44/503 [00:20<03:30,  2.18it/s]
Ingesting:   9%|8         | 45/503 [00:21<03:26,  2.22it/s]
Ingesting:   9%|9         | 46/503 [00:21<03:18,  2.30it/s]
Ingesting:   9%|9         | 47/503 [00:21<03:26,  2.21it/s]
Ingesting:  10%|9         | 48/503 [00:22<03:26,  2.20it/s]
Ingesting:  10%|9         | 49/503 [00:22<03:13,  2.34it/s]
Ingesting:  10%|9         | 50/503 [00:23<03:03,  2.47it/s]
Ingesting:  10%|#         | 51/503 [00:23<02:54,  2.59it/s]
Ingesting:  10%|#         | 52/503 [00:24<03:20,  2.25it/s]
Ingesting:  11%|#         | 53/503 [00:24<03:14,  2.31it/s]
Ingesting:  11%|#         | 54/503 [00:24<03:33,  2.10it/s]
Ingesting:  11%|#         | 55/503 [00:25<03:42,  2.01it/s]
Ingesting:  11%|#1        | 56/503 [00:25<03:38,  2.05it/s]
Ingesting:  11%|#1        | 57/503 [00:26<04:00,  1.85it/s]
Ingesting:  12%|#1        | 58/503 [00:27<04:06,  1.80it/s]$BF.B: possibly delisted; no price data found  (1d 2010-01-01 -> 2026-05-12)

Ingesting:  12%|#1        | 59/503 [00:27<03:25,  2.16it/s]
Ingesting:  12%|#1        | 60/503 [00:27<03:22,  2.19it/s]
Ingesting:  12%|#2        | 61/503 [00:28<03:07,  2.36it/s]
Ingesting:  12%|#2        | 62/503 [00:28<03:28,  2.12it/s]
Ingesting:  13%|#2        | 63/503 [00:29<03:13,  2.27it/s]
Ingesting:  13%|#2        | 64/503 [00:29<03:22,  2.17it/s]
Ingesting:  13%|#2        | 65/503 [00:30<03:08,  2.32it/s]
Ingesting:  13%|#3        | 66/503 [00:30<02:55,  2.49it/s]
Ingesting:  13%|#3        | 67/503 [00:31<03:28,  2.09it/s]
Ingesting:  14%|#3        | 68/503 [00:31<03:35,  2.02it/s]$BRK.B: possibly delisted; no timezone found

Ingesting:  14%|#3        | 69/503 [00:32<04:15,  1.70it/s]
Ingesting:  14%|#3        | 70/503 [00:32<04:04,  1.77it/s]
Ingesting:  14%|#4        | 71/503 [00:33<03:43,  1.93it/s]
Ingesting:  14%|#4        | 72/503 [00:33<03:39,  1.97it/s]
Ingesting:  15%|#4        | 73/503 [00:34<03:44,  1.92it/s]
Ingesting:  15%|#4        | 74/503 [00:34<03:30,  2.04it/s]
Ingesting:  15%|#4        | 75/503 [00:35<03:31,  2.02it/s]
Ingesting:  15%|#5        | 76/503 [00:35<03:34,  1.99it/s]
Ingesting:  15%|#5        | 77/503 [00:36<03:10,  2.24it/s]
Ingesting:  16%|#5        | 78/503 [00:36<03:18,  2.14it/s]
Ingesting:  16%|#5        | 79/503 [00:37<03:03,  2.31it/s]
Ingesting:  16%|#5        | 80/503 [00:37<03:11,  2.20it/s]
Ingesting:  16%|#6        | 81/503 [00:38<03:17,  2.14it/s]
Ingesting:  16%|#6        | 82/503 [00:38<03:03,  2.29it/s]
Ingesting:  17%|#6        | 83/503 [00:38<03:08,  2.23it/s]
Ingesting:  17%|#6        | 84/503 [00:39<03:23,  2.06it/s]
Ingesting:  17%|#6        | 85/503 [00:39<03:12,  2.17it/s]
Ingesting:  17%|#7        | 86/503 [00:40<03:08,  2.21it/s]
Ingesting:  17%|#7        | 87/503 [00:40<02:48,  2.46it/s]
Ingesting:  17%|#7        | 88/503 [00:41<02:56,  2.35it/s]
Ingesting:  18%|#7        | 89/503 [00:41<02:50,  2.43it/s]
Ingesting:  18%|#7        | 90/503 [00:41<03:02,  2.26it/s]
Ingesting:  18%|#8        | 91/503 [00:42<03:00,  2.28it/s]
Ingesting:  18%|#8        | 92/503 [00:42<03:00,  2.28it/s]
Ingesting:  18%|#8        | 93/503 [00:43<03:02,  2.24it/s]
Ingesting:  19%|#8        | 94/503 [00:43<02:55,  2.34it/s]
Ingesting:  19%|#8        | 95/503 [00:44<03:10,  2.14it/s]
Ingesting:  19%|#9        | 96/503 [00:44<03:00,  2.25it/s]
Ingesting:  19%|#9        | 97/503 [00:45<03:06,  2.17it/s]
Ingesting:  19%|#9        | 98/503 [00:45<03:06,  2.17it/s]
Ingesting:  20%|#9        | 99/503 [00:46<03:05,  2.18it/s]
Ingesting:  20%|#9        | 100/503 [00:46<02:59,  2.25it/s]
Ingesting:  20%|##        | 101/503 [00:47<03:16,  2.05it/s]
Ingesting:  20%|##        | 102/503 [00:47<03:17,  2.03it/s]
Ingesting:  20%|##        | 103/503 [00:47<03:02,  2.20it/s]
Ingesting:  21%|##        | 104/503 [00:48<03:08,  2.12it/s]
Ingesting:  21%|##        | 105/503 [00:48<03:04,  2.16it/s]
Ingesting:  21%|##1       | 106/503 [00:49<02:58,  2.22it/s]
Ingesting:  21%|##1       | 107/503 [00:49<02:38,  2.50it/s]
Ingesting:  21%|##1       | 108/503 [00:50<02:52,  2.30it/s]
Ingesting:  22%|##1       | 109/503 [00:50<03:20,  1.96it/s]
Ingesting:  22%|##1       | 110/503 [00:51<03:16,  2.00it/s]
Ingesting:  22%|##2       | 111/503 [00:51<02:56,  2.23it/s]
Ingesting:  22%|##2       | 112/503 [00:52<02:59,  2.17it/s]
Ingesting:  22%|##2       | 113/503 [00:52<03:03,  2.12it/s]
Ingesting:  23%|##2       | 114/503 [00:52<02:50,  2.28it/s]
Ingesting:  23%|##2       | 115/503 [00:53<03:05,  2.09it/s]
Ingesting:  23%|##3       | 116/503 [00:54<03:15,  1.98it/s]
Ingesting:  23%|##3       | 117/503 [00:54<03:01,  2.12it/s]
Ingesting:  23%|##3       | 118/503 [00:54<02:45,  2.32it/s]
Ingesting:  24%|##3       | 119/503 [00:55<02:37,  2.44it/s]
Ingesting:  24%|##3       | 120/503 [00:55<02:26,  2.62it/s]
Ingesting:  24%|##4       | 121/503 [00:55<02:32,  2.50it/s]
Ingesting:  24%|##4       | 122/503 [00:56<02:46,  2.29it/s]
Ingesting:  24%|##4       | 123/503 [00:56<02:50,  2.23it/s]
Ingesting:  25%|##4       | 124/503 [00:57<02:40,  2.37it/s]
Ingesting:  25%|##4       | 125/503 [00:57<02:26,  2.58it/s]
Ingesting:  25%|##5       | 126/503 [00:57<02:25,  2.59it/s]
Ingesting:  25%|##5       | 127/503 [00:58<02:41,  2.33it/s]
Ingesting:  25%|##5       | 128/503 [00:58<02:36,  2.40it/s]
Ingesting:  26%|##5       | 129/503 [00:59<02:46,  2.25it/s]
Ingesting:  26%|##5       | 130/503 [00:59<02:58,  2.09it/s]
Ingesting:  26%|##6       | 131/503 [01:00<02:36,  2.38it/s]
Ingesting:  26%|##6       | 132/503 [01:00<02:51,  2.16it/s]
Ingesting:  26%|##6       | 133/503 [01:01<02:33,  2.40it/s]
Ingesting:  27%|##6       | 134/503 [01:01<02:49,  2.18it/s]
Ingesting:  27%|##6       | 135/503 [01:01<02:36,  2.35it/s]
Ingesting:  27%|##7       | 136/503 [01:02<02:29,  2.46it/s]
Ingesting:  27%|##7       | 137/503 [01:02<02:31,  2.41it/s]
Ingesting:  27%|##7       | 138/503 [01:03<02:39,  2.29it/s]
Ingesting:  28%|##7       | 139/503 [01:03<02:40,  2.27it/s]
Ingesting:  28%|##7       | 140/503 [01:04<02:28,  2.44it/s]
Ingesting:  28%|##8       | 141/503 [01:04<02:24,  2.51it/s]
Ingesting:  28%|##8       | 142/503 [01:04<02:26,  2.47it/s]
Ingesting:  28%|##8       | 143/503 [01:05<02:22,  2.53it/s]
Ingesting:  29%|##8       | 144/503 [01:05<02:33,  2.33it/s]
Ingesting:  29%|##8       | 145/503 [01:06<02:39,  2.24it/s]
Ingesting:  29%|##9       | 146/503 [01:06<02:25,  2.45it/s]
Ingesting:  29%|##9       | 147/503 [01:06<02:24,  2.47it/s]
Ingesting:  29%|##9       | 148/503 [01:07<02:26,  2.43it/s]
Ingesting:  30%|##9       | 149/503 [01:08<02:51,  2.07it/s]
Ingesting:  30%|##9       | 150/503 [01:08<02:54,  2.02it/s]
Ingesting:  30%|###       | 151/503 [01:08<02:42,  2.17it/s]
Ingesting:  30%|###       | 152/503 [01:09<02:42,  2.16it/s]
Ingesting:  30%|###       | 153/503 [01:09<02:35,  2.25it/s]
Ingesting:  31%|###       | 154/503 [01:10<02:26,  2.38it/s]
Ingesting:  31%|###       | 155/503 [01:10<02:26,  2.37it/s]
Ingesting:  31%|###1      | 156/503 [01:11<02:42,  2.14it/s]
Ingesting:  31%|###1      | 157/503 [01:11<03:00,  1.91it/s]
Ingesting:  31%|###1      | 158/503 [01:12<02:52,  2.00it/s]
Ingesting:  32%|###1      | 159/503 [01:12<02:48,  2.04it/s]
Ingesting:  32%|###1      | 160/503 [01:13<02:50,  2.01it/s]
Ingesting:  32%|###2      | 161/503 [01:13<02:44,  2.08it/s]
Ingesting:  32%|###2      | 162/503 [01:14<02:40,  2.12it/s]
Ingesting:  32%|###2      | 163/503 [01:14<02:38,  2.15it/s]
Ingesting:  33%|###2      | 164/503 [01:15<02:42,  2.08it/s]
Ingesting:  33%|###2      | 165/503 [01:15<02:50,  1.98it/s]
Ingesting:  33%|###3      | 166/503 [01:15<02:34,  2.18it/s]
Ingesting:  33%|###3      | 167/503 [01:16<02:35,  2.16it/s]
Ingesting:  33%|###3      | 168/503 [01:16<02:40,  2.09it/s]
Ingesting:  34%|###3      | 169/503 [01:17<02:47,  2.00it/s]
Ingesting:  34%|###3      | 170/503 [01:18<02:44,  2.02it/s]
Ingesting:  34%|###3      | 171/503 [01:18<02:54,  1.90it/s]
Ingesting:  34%|###4      | 172/503 [01:19<02:47,  1.97it/s]
Ingesting:  34%|###4      | 173/503 [01:19<02:46,  1.99it/s]
Ingesting:  35%|###4      | 174/503 [01:20<02:43,  2.02it/s]
Ingesting:  35%|###4      | 175/503 [01:20<02:46,  1.97it/s]
Ingesting:  35%|###4      | 176/503 [01:20<02:29,  2.19it/s]
Ingesting:  35%|###5      | 177/503 [01:21<02:48,  1.94it/s]
Ingesting:  35%|###5      | 178/503 [01:21<02:28,  2.19it/s]
Ingesting:  36%|###5      | 179/503 [01:22<02:26,  2.21it/s]
Ingesting:  36%|###5      | 180/503 [01:22<02:27,  2.19it/s]
Ingesting:  36%|###5      | 181/503 [01:23<02:21,  2.28it/s]
Ingesting:  36%|###6      | 182/503 [01:23<02:21,  2.27it/s]
Ingesting:  36%|###6      | 183/503 [01:24<02:12,  2.41it/s]
Ingesting:  37%|###6      | 184/503 [01:24<02:18,  2.31it/s]
Ingesting:  37%|###6      | 185/503 [01:24<02:17,  2.32it/s]
Ingesting:  37%|###6      | 186/503 [01:25<02:16,  2.32it/s]
Ingesting:  37%|###7      | 187/503 [01:25<02:17,  2.29it/s]
Ingesting:  37%|###7      | 188/503 [01:26<02:20,  2.24it/s]
Ingesting:  38%|###7      | 189/503 [01:26<02:10,  2.41it/s]
Ingesting:  38%|###7      | 190/503 [01:27<02:16,  2.30it/s]
Ingesting:  38%|###7      | 191/503 [01:27<02:20,  2.22it/s]
Ingesting:  38%|###8      | 192/503 [01:27<02:11,  2.37it/s]
Ingesting:  38%|###8      | 193/503 [01:28<02:32,  2.03it/s]
Ingesting:  39%|###8      | 194/503 [01:29<02:33,  2.01it/s]
Ingesting:  39%|###8      | 195/503 [01:29<02:17,  2.24it/s]
Ingesting:  39%|###8      | 196/503 [01:29<02:04,  2.46it/s]
Ingesting:  39%|###9      | 197/503 [01:30<02:11,  2.33it/s]
Ingesting:  39%|###9      | 198/503 [01:30<02:11,  2.33it/s]
Ingesting:  40%|###9      | 199/503 [01:31<02:04,  2.43it/s]
Ingesting:  40%|###9      | 200/503 [01:31<02:01,  2.50it/s]
Ingesting:  40%|###9      | 201/503 [01:31<02:16,  2.22it/s]
Ingesting:  40%|####      | 202/503 [01:32<02:06,  2.38it/s]
Ingesting:  40%|####      | 203/503 [01:32<02:05,  2.38it/s]
Ingesting:  41%|####      | 204/503 [01:33<01:57,  2.54it/s]
Ingesting:  41%|####      | 205/503 [01:33<02:02,  2.43it/s]
Ingesting:  41%|####      | 206/503 [01:33<01:51,  2.67it/s]
Ingesting:  41%|####1     | 207/503 [01:34<01:53,  2.61it/s]
Ingesting:  41%|####1     | 208/503 [01:34<02:01,  2.44it/s]
Ingesting:  42%|####1     | 209/503 [01:35<02:13,  2.20it/s]
Ingesting:  42%|####1     | 210/503 [01:35<02:16,  2.15it/s]
Ingesting:  42%|####1     | 211/503 [01:36<02:12,  2.20it/s]
Ingesting:  42%|####2     | 212/503 [01:36<02:11,  2.22it/s]
Ingesting:  42%|####2     | 213/503 [01:36<02:04,  2.32it/s]
Ingesting:  43%|####2     | 214/503 [01:37<01:58,  2.45it/s]
Ingesting:  43%|####2     | 215/503 [01:37<02:06,  2.28it/s]
Ingesting:  43%|####2     | 216/503 [01:38<02:10,  2.20it/s]
Ingesting:  43%|####3     | 217/503 [01:38<02:10,  2.19it/s]
Ingesting:  43%|####3     | 218/503 [01:39<02:07,  2.23it/s]
Ingesting:  44%|####3     | 219/503 [01:39<02:15,  2.10it/s]
Ingesting:  44%|####3     | 220/503 [01:40<02:19,  2.03it/s]
Ingesting:  44%|####3     | 221/503 [01:40<02:28,  1.90it/s]
Ingesting:  44%|####4     | 222/503 [01:41<02:27,  1.91it/s]
Ingesting:  44%|####4     | 223/503 [01:41<02:18,  2.02it/s]
Ingesting:  45%|####4     | 224/503 [01:42<02:05,  2.22it/s]
Ingesting:  45%|####4     | 225/503 [01:42<02:05,  2.22it/s]
Ingesting:  45%|####4     | 226/503 [01:43<02:04,  2.23it/s]
Ingesting:  45%|####5     | 227/503 [01:43<01:57,  2.34it/s]
Ingesting:  45%|####5     | 228/503 [01:44<02:21,  1.95it/s]
Ingesting:  46%|####5     | 229/503 [01:44<02:02,  2.25it/s]
Ingesting:  46%|####5     | 230/503 [01:44<01:59,  2.28it/s]
Ingesting:  46%|####5     | 231/503 [01:45<02:10,  2.09it/s]
Ingesting:  46%|####6     | 232/503 [01:46<02:24,  1.88it/s]
Ingesting:  46%|####6     | 233/503 [01:46<02:10,  2.08it/s]
Ingesting:  47%|####6     | 234/503 [01:46<02:11,  2.05it/s]
Ingesting:  47%|####6     | 235/503 [01:47<02:10,  2.05it/s]
Ingesting:  47%|####6     | 236/503 [01:47<02:12,  2.02it/s]
Ingesting:  47%|####7     | 237/503 [01:48<02:17,  1.94it/s]
Ingesting:  47%|####7     | 238/503 [01:48<02:07,  2.08it/s]
Ingesting:  48%|####7     | 239/503 [01:49<02:04,  2.12it/s]
Ingesting:  48%|####7     | 240/503 [01:49<01:59,  2.19it/s]
Ingesting:  48%|####7     | 241/503 [01:50<02:00,  2.18it/s]
Ingesting:  48%|####8     | 242/503 [01:50<01:55,  2.26it/s]
Ingesting:  48%|####8     | 243/503 [01:51<01:56,  2.23it/s]
Ingesting:  49%|####8     | 244/503 [01:51<01:56,  2.21it/s]
Ingesting:  49%|####8     | 245/503 [01:52<01:52,  2.29it/s]
Ingesting:  49%|####8     | 246/503 [01:52<01:46,  2.40it/s]
Ingesting:  49%|####9     | 247/503 [01:52<01:43,  2.48it/s]
Ingesting:  49%|####9     | 248/503 [01:53<01:44,  2.43it/s]
Ingesting:  50%|####9     | 249/503 [01:53<01:57,  2.15it/s]
Ingesting:  50%|####9     | 250/503 [01:54<01:51,  2.26it/s]
Ingesting:  50%|####9     | 251/503 [01:54<01:43,  2.43it/s]
Ingesting:  50%|#####     | 252/503 [01:54<01:46,  2.35it/s]
Ingesting:  50%|#####     | 253/503 [01:55<01:43,  2.41it/s]
Ingesting:  50%|#####     | 254/503 [01:55<01:46,  2.34it/s]
Ingesting:  51%|#####     | 255/503 [01:56<02:00,  2.07it/s]
Ingesting:  51%|#####     | 256/503 [01:56<01:53,  2.18it/s]
Ingesting:  51%|#####1    | 257/503 [01:57<01:53,  2.17it/s]
Ingesting:  51%|#####1    | 258/503 [01:57<01:54,  2.15it/s]
Ingesting:  51%|#####1    | 259/503 [01:58<01:47,  2.28it/s]
Ingesting:  52%|#####1    | 260/503 [01:58<01:54,  2.11it/s]
Ingesting:  52%|#####1    | 261/503 [01:59<01:58,  2.04it/s]
Ingesting:  52%|#####2    | 262/503 [01:59<01:49,  2.21it/s]
Ingesting:  52%|#####2    | 263/503 [01:59<01:40,  2.39it/s]
Ingesting:  52%|#####2    | 264/503 [02:00<01:41,  2.34it/s]
Ingesting:  53%|#####2    | 265/503 [02:00<01:44,  2.27it/s]
Ingesting:  53%|#####2    | 266/503 [02:01<01:40,  2.37it/s]
Ingesting:  53%|#####3    | 267/503 [02:01<01:33,  2.53it/s]
Ingesting:  53%|#####3    | 268/503 [02:02<01:37,  2.41it/s]
Ingesting:  53%|#####3    | 269/503 [02:02<01:42,  2.28it/s]
Ingesting:  54%|#####3    | 270/503 [02:03<01:46,  2.19it/s]
Ingesting:  54%|#####3    | 271/503 [02:03<01:45,  2.19it/s]
Ingesting:  54%|#####4    | 272/503 [02:03<01:40,  2.30it/s]
Ingesting:  54%|#####4    | 273/503 [02:04<01:37,  2.36it/s]
Ingesting:  54%|#####4    | 274/503 [02:04<01:47,  2.13it/s]
Ingesting:  55%|#####4    | 275/503 [02:05<01:37,  2.35it/s]
Ingesting:  55%|#####4    | 276/503 [02:05<01:41,  2.24it/s]
Ingesting:  55%|#####5    | 277/503 [02:06<01:37,  2.33it/s]
Ingesting:  55%|#####5    | 278/503 [02:06<01:39,  2.25it/s]
Ingesting:  55%|#####5    | 279/503 [02:07<01:46,  2.11it/s]
Ingesting:  56%|#####5    | 280/503 [02:07<01:44,  2.14it/s]
Ingesting:  56%|#####5    | 281/503 [02:08<01:47,  2.07it/s]
Ingesting:  56%|#####6    | 282/503 [02:08<01:43,  2.13it/s]
Ingesting:  56%|#####6    | 283/503 [02:08<01:36,  2.28it/s]
Ingesting:  56%|#####6    | 284/503 [02:09<01:35,  2.28it/s]
Ingesting:  57%|#####6    | 285/503 [02:09<01:42,  2.13it/s]
Ingesting:  57%|#####6    | 286/503 [02:10<01:47,  2.02it/s]
Ingesting:  57%|#####7    | 287/503 [02:10<01:42,  2.11it/s]
Ingesting:  57%|#####7    | 288/503 [02:11<01:42,  2.11it/s]
Ingesting:  57%|#####7    | 289/503 [02:11<01:37,  2.19it/s]
Ingesting:  58%|#####7    | 290/503 [02:12<01:36,  2.20it/s]
Ingesting:  58%|#####7    | 291/503 [02:12<01:31,  2.32it/s]
Ingesting:  58%|#####8    | 292/503 [02:12<01:30,  2.33it/s]
Ingesting:  58%|#####8    | 293/503 [02:13<01:27,  2.39it/s]
Ingesting:  58%|#####8    | 294/503 [02:13<01:24,  2.46it/s]
Ingesting:  59%|#####8    | 295/503 [02:14<01:31,  2.27it/s]
Ingesting:  59%|#####8    | 296/503 [02:14<01:33,  2.22it/s]
Ingesting:  59%|#####9    | 297/503 [02:15<01:42,  2.02it/s]
Ingesting:  59%|#####9    | 298/503 [02:15<01:33,  2.18it/s]
Ingesting:  59%|#####9    | 299/503 [02:16<01:43,  1.96it/s]
Ingesting:  60%|#####9    | 300/503 [02:16<01:44,  1.95it/s]
Ingesting:  60%|#####9    | 301/503 [02:17<01:41,  1.99it/s]
Ingesting:  60%|######    | 302/503 [02:17<01:34,  2.12it/s]
Ingesting:  60%|######    | 303/503 [02:18<01:27,  2.29it/s]
Ingesting:  60%|######    | 304/503 [02:18<01:29,  2.22it/s]
Ingesting:  61%|######    | 305/503 [02:18<01:24,  2.35it/s]
Ingesting:  61%|######    | 306/503 [02:19<01:24,  2.33it/s]
Ingesting:  61%|######1   | 307/503 [02:19<01:37,  2.01it/s]
Ingesting:  61%|######1   | 308/503 [02:20<01:35,  2.04it/s]
Ingesting:  61%|######1   | 309/503 [02:20<01:34,  2.05it/s]
Ingesting:  62%|######1   | 310/503 [02:21<01:31,  2.11it/s]
Ingesting:  62%|######1   | 311/503 [02:21<01:26,  2.22it/s]
Ingesting:  62%|######2   | 312/503 [02:22<01:26,  2.21it/s]
Ingesting:  62%|######2   | 313/503 [02:22<01:22,  2.31it/s]
Ingesting:  62%|######2   | 314/503 [02:23<01:21,  2.32it/s]
Ingesting:  63%|######2   | 315/503 [02:23<01:16,  2.47it/s]
Ingesting:  63%|######2   | 316/503 [02:23<01:12,  2.58it/s]
Ingesting:  63%|######3   | 317/503 [02:24<01:18,  2.36it/s]
Ingesting:  63%|######3   | 318/503 [02:24<01:12,  2.54it/s]
Ingesting:  63%|######3   | 319/503 [02:25<01:16,  2.40it/s]
Ingesting:  64%|######3   | 320/503 [02:25<01:14,  2.46it/s]
Ingesting:  64%|######3   | 321/503 [02:26<01:26,  2.10it/s]
Ingesting:  64%|######4   | 322/503 [02:26<01:32,  1.96it/s]
Ingesting:  64%|######4   | 323/503 [02:27<01:25,  2.10it/s]
Ingesting:  64%|######4   | 324/503 [02:27<01:22,  2.17it/s]
Ingesting:  65%|######4   | 325/503 [02:27<01:16,  2.33it/s]
Ingesting:  65%|######4   | 326/503 [02:28<01:21,  2.18it/s]
Ingesting:  65%|######5   | 327/503 [02:28<01:23,  2.12it/s]
Ingesting:  65%|######5   | 328/503 [02:29<01:23,  2.09it/s]
Ingesting:  65%|######5   | 329/503 [02:29<01:25,  2.03it/s]
Ingesting:  66%|######5   | 330/503 [02:30<01:16,  2.25it/s]
Ingesting:  66%|######5   | 331/503 [02:30<01:22,  2.07it/s]
Ingesting:  66%|######6   | 332/503 [02:31<01:26,  1.98it/s]
Ingesting:  66%|######6   | 333/503 [02:31<01:29,  1.90it/s]
Ingesting:  66%|######6   | 334/503 [02:32<01:21,  2.06it/s]
Ingesting:  67%|######6   | 335/503 [02:32<01:17,  2.16it/s]
Ingesting:  67%|######6   | 336/503 [02:33<01:21,  2.05it/s]
Ingesting:  67%|######6   | 337/503 [02:33<01:17,  2.15it/s]
Ingesting:  67%|######7   | 338/503 [02:34<01:16,  2.16it/s]
Ingesting:  67%|######7   | 339/503 [02:34<01:19,  2.08it/s]
Ingesting:  68%|######7   | 340/503 [02:35<01:11,  2.27it/s]
Ingesting:  68%|######7   | 341/503 [02:35<01:09,  2.33it/s]
Ingesting:  68%|######7   | 342/503 [02:35<01:08,  2.36it/s]
Ingesting:  68%|######8   | 343/503 [02:36<01:04,  2.47it/s]
Ingesting:  68%|######8   | 344/503 [02:36<01:05,  2.43it/s]
Ingesting:  69%|######8   | 345/503 [02:36<01:03,  2.48it/s]
Ingesting:  69%|######8   | 346/503 [02:37<01:04,  2.44it/s]
Ingesting:  69%|######8   | 347/503 [02:37<01:05,  2.37it/s]
Ingesting:  69%|######9   | 348/503 [02:38<01:09,  2.24it/s]
Ingesting:  69%|######9   | 349/503 [02:38<01:06,  2.31it/s]
Ingesting:  70%|######9   | 350/503 [02:39<01:02,  2.44it/s]
Ingesting:  70%|######9   | 351/503 [02:39<01:02,  2.44it/s]
Ingesting:  70%|######9   | 352/503 [02:39<00:59,  2.53it/s]
Ingesting:  70%|#######   | 353/503 [02:40<01:07,  2.23it/s]
Ingesting:  70%|#######   | 354/503 [02:40<01:01,  2.41it/s]
Ingesting:  71%|#######   | 355/503 [02:41<01:06,  2.22it/s]
Ingesting:  71%|#######   | 356/503 [02:41<01:08,  2.14it/s]
Ingesting:  71%|#######   | 357/503 [02:42<01:09,  2.11it/s]
Ingesting:  71%|#######1  | 358/503 [02:42<01:08,  2.12it/s]
Ingesting:  71%|#######1  | 359/503 [02:43<01:06,  2.16it/s]
Ingesting:  72%|#######1  | 360/503 [02:43<01:01,  2.32it/s]
Ingesting:  72%|#######1  | 361/503 [02:44<01:03,  2.22it/s]
Ingesting:  72%|#######1  | 362/503 [02:44<01:02,  2.27it/s]
Ingesting:  72%|#######2  | 363/503 [02:45<01:03,  2.20it/s]
Ingesting:  72%|#######2  | 364/503 [02:45<01:05,  2.11it/s]
Ingesting:  73%|#######2  | 365/503 [02:46<01:05,  2.10it/s]
Ingesting:  73%|#######2  | 366/503 [02:46<01:02,  2.19it/s]
Ingesting:  73%|#######2  | 367/503 [02:46<01:04,  2.12it/s]
Ingesting:  73%|#######3  | 368/503 [02:47<00:56,  2.41it/s]
Ingesting:  73%|#######3  | 369/503 [02:47<00:50,  2.67it/s]
Ingesting:  74%|#######3  | 370/503 [02:47<00:49,  2.70it/s]
Ingesting:  74%|#######3  | 371/503 [02:48<00:59,  2.22it/s]
Ingesting:  74%|#######3  | 372/503 [02:49<01:05,  2.01it/s]
Ingesting:  74%|#######4  | 373/503 [02:49<01:01,  2.12it/s]
Ingesting:  74%|#######4  | 374/503 [02:49<00:58,  2.20it/s]
Ingesting:  75%|#######4  | 375/503 [02:50<00:58,  2.18it/s]
Ingesting:  75%|#######4  | 376/503 [02:50<01:02,  2.04it/s]
Ingesting:  75%|#######4  | 377/503 [02:51<01:03,  1.99it/s]
Ingesting:  75%|#######5  | 378/503 [02:51<01:02,  2.00it/s]
Ingesting:  75%|#######5  | 379/503 [02:52<00:58,  2.10it/s]
Ingesting:  76%|#######5  | 380/503 [02:52<00:57,  2.13it/s]
Ingesting:  76%|#######5  | 381/503 [02:53<00:52,  2.34it/s]
Ingesting:  76%|#######5  | 382/503 [02:53<00:49,  2.43it/s]
Ingesting:  76%|#######6  | 383/503 [02:53<00:48,  2.46it/s]
Ingesting:  76%|#######6  | 384/503 [02:54<00:43,  2.73it/s]
Ingesting:  77%|#######6  | 385/503 [02:54<00:41,  2.83it/s]
Ingesting:  77%|#######6  | 386/503 [02:55<00:46,  2.52it/s]
Ingesting:  77%|#######6  | 387/503 [02:55<00:51,  2.23it/s]
Ingesting:  77%|#######7  | 388/503 [02:55<00:47,  2.40it/s]
Ingesting:  77%|#######7  | 389/503 [02:56<00:52,  2.17it/s]
Ingesting:  78%|#######7  | 390/503 [02:57<00:53,  2.10it/s]
Ingesting:  78%|#######7  | 391/503 [02:57<00:50,  2.20it/s]
Ingesting:  78%|#######7  | 392/503 [02:57<00:50,  2.20it/s]
Ingesting:  78%|#######8  | 393/503 [02:58<00:52,  2.09it/s]
Ingesting:  78%|#######8  | 394/503 [02:58<00:53,  2.03it/s]
Ingesting:  79%|#######8  | 395/503 [02:59<00:52,  2.04it/s]
Ingesting:  79%|#######8  | 396/503 [02:59<00:52,  2.05it/s]
Ingesting:  79%|#######8  | 397/503 [03:00<00:49,  2.15it/s]
Ingesting:  79%|#######9  | 398/503 [03:00<00:52,  2.00it/s]
Ingesting:  79%|#######9  | 399/503 [03:01<00:51,  2.00it/s]
Ingesting:  80%|#######9  | 400/503 [03:01<00:49,  2.08it/s]
Ingesting:  80%|#######9  | 401/503 [03:02<00:45,  2.23it/s]
Ingesting:  80%|#######9  | 402/503 [03:02<00:45,  2.22it/s]
Ingesting:  80%|########  | 403/503 [03:03<00:46,  2.16it/s]
Ingesting:  80%|########  | 404/503 [03:03<00:46,  2.13it/s]
Ingesting:  81%|########  | 405/503 [03:04<00:45,  2.17it/s]
Ingesting:  81%|########  | 406/503 [03:04<00:45,  2.14it/s]
Ingesting:  81%|########  | 407/503 [03:04<00:42,  2.24it/s]
Ingesting:  81%|########1 | 408/503 [03:05<00:44,  2.13it/s]
Ingesting:  81%|########1 | 409/503 [03:05<00:38,  2.45it/s]
Ingesting:  82%|########1 | 410/503 [03:06<00:37,  2.46it/s]
Ingesting:  82%|########1 | 411/503 [03:06<00:40,  2.26it/s]
Ingesting:  82%|########1 | 412/503 [03:07<00:36,  2.46it/s]
Ingesting:  82%|########2 | 413/503 [03:07<00:39,  2.30it/s]
Ingesting:  82%|########2 | 414/503 [03:07<00:38,  2.28it/s]
Ingesting:  83%|########2 | 415/503 [03:08<00:38,  2.31it/s]
Ingesting:  83%|########2 | 416/503 [03:08<00:38,  2.24it/s]
Ingesting:  83%|########2 | 417/503 [03:09<00:38,  2.22it/s]
Ingesting:  83%|########3 | 418/503 [03:09<00:38,  2.22it/s]
Ingesting:  83%|########3 | 419/503 [03:10<00:39,  2.14it/s]
Ingesting:  83%|########3 | 420/503 [03:10<00:36,  2.25it/s]
Ingesting:  84%|########3 | 421/503 [03:11<00:36,  2.24it/s]
Ingesting:  84%|########3 | 422/503 [03:11<00:39,  2.06it/s]
Ingesting:  84%|########4 | 423/503 [03:12<00:37,  2.11it/s]
Ingesting:  84%|########4 | 424/503 [03:12<00:35,  2.24it/s]
Ingesting:  84%|########4 | 425/503 [03:13<00:35,  2.19it/s]
Ingesting:  85%|########4 | 426/503 [03:13<00:35,  2.19it/s]
Ingesting:  85%|########4 | 427/503 [03:13<00:34,  2.23it/s]
Ingesting:  85%|########5 | 428/503 [03:14<00:36,  2.06it/s]
Ingesting:  85%|########5 | 429/503 [03:14<00:35,  2.08it/s]
Ingesting:  85%|########5 | 430/503 [03:15<00:33,  2.20it/s]
Ingesting:  86%|########5 | 431/503 [03:15<00:34,  2.10it/s]
Ingesting:  86%|########5 | 432/503 [03:16<00:32,  2.15it/s]
Ingesting:  86%|########6 | 433/503 [03:16<00:31,  2.22it/s]
Ingesting:  86%|########6 | 434/503 [03:17<00:32,  2.13it/s]
Ingesting:  86%|########6 | 435/503 [03:17<00:31,  2.14it/s]
Ingesting:  87%|########6 | 436/503 [03:18<00:33,  2.00it/s]
Ingesting:  87%|########6 | 437/503 [03:18<00:32,  2.04it/s]
Ingesting:  87%|########7 | 438/503 [03:19<00:30,  2.14it/s]
Ingesting:  87%|########7 | 439/503 [03:19<00:30,  2.12it/s]
Ingesting:  87%|########7 | 440/503 [03:20<00:29,  2.17it/s]
Ingesting:  88%|########7 | 441/503 [03:20<00:27,  2.25it/s]
Ingesting:  88%|########7 | 442/503 [03:20<00:27,  2.21it/s]
Ingesting:  88%|########8 | 443/503 [03:21<00:26,  2.29it/s]
Ingesting:  88%|########8 | 444/503 [03:21<00:25,  2.29it/s]
Ingesting:  88%|########8 | 445/503 [03:22<00:26,  2.18it/s]
Ingesting:  89%|########8 | 446/503 [03:22<00:25,  2.21it/s]
Ingesting:  89%|########8 | 447/503 [03:23<00:24,  2.31it/s]
Ingesting:  89%|########9 | 448/503 [03:23<00:25,  2.15it/s]
Ingesting:  89%|########9 | 449/503 [03:24<00:28,  1.91it/s]
Ingesting:  89%|########9 | 450/503 [03:24<00:25,  2.07it/s]
Ingesting:  90%|########9 | 451/503 [03:25<00:24,  2.12it/s]
Ingesting:  90%|########9 | 452/503 [03:25<00:22,  2.22it/s]
Ingesting:  90%|######### | 453/503 [03:26<00:23,  2.08it/s]
Ingesting:  90%|######### | 454/503 [03:26<00:21,  2.25it/s]
Ingesting:  90%|######### | 455/503 [03:26<00:20,  2.38it/s]
Ingesting:  91%|######### | 456/503 [03:27<00:18,  2.53it/s]
Ingesting:  91%|######### | 457/503 [03:27<00:18,  2.43it/s]
Ingesting:  91%|#########1| 458/503 [03:28<00:18,  2.42it/s]
Ingesting:  91%|#########1| 459/503 [03:28<00:17,  2.57it/s]
Ingesting:  91%|#########1| 460/503 [03:28<00:15,  2.71it/s]
Ingesting:  92%|#########1| 461/503 [03:29<00:17,  2.37it/s]
Ingesting:  92%|#########1| 462/503 [03:29<00:18,  2.24it/s]
Ingesting:  92%|#########2| 463/503 [03:30<00:16,  2.41it/s]
Ingesting:  92%|#########2| 464/503 [03:30<00:16,  2.39it/s]
Ingesting:  92%|#########2| 465/503 [03:30<00:15,  2.49it/s]
Ingesting:  93%|#########2| 466/503 [03:31<00:14,  2.60it/s]
Ingesting:  93%|#########2| 467/503 [03:31<00:13,  2.64it/s]
Ingesting:  93%|#########3| 468/503 [03:32<00:14,  2.40it/s]
Ingesting:  93%|#########3| 469/503 [03:32<00:12,  2.66it/s]
Ingesting:  93%|#########3| 470/503 [03:32<00:13,  2.43it/s]
Ingesting:  94%|#########3| 471/503 [03:33<00:13,  2.42it/s]
Ingesting:  94%|#########3| 472/503 [03:33<00:13,  2.29it/s]
Ingesting:  94%|#########4| 473/503 [03:34<00:12,  2.49it/s]
Ingesting:  94%|#########4| 474/503 [03:34<00:10,  2.64it/s]
Ingesting:  94%|#########4| 475/503 [03:34<00:11,  2.51it/s]
Ingesting:  95%|#########4| 476/503 [03:35<00:12,  2.20it/s]
Ingesting:  95%|#########4| 477/503 [03:35<00:12,  2.12it/s]
Ingesting:  95%|#########5| 478/503 [03:36<00:11,  2.18it/s]
Ingesting:  95%|#########5| 479/503 [03:36<00:11,  2.16it/s]
Ingesting:  95%|#########5| 480/503 [03:37<00:09,  2.32it/s]
Ingesting:  96%|#########5| 481/503 [03:37<00:09,  2.36it/s]
Ingesting:  96%|#########5| 482/503 [03:38<00:08,  2.39it/s]
Ingesting:  96%|#########6| 483/503 [03:38<00:08,  2.36it/s]
Ingesting:  96%|#########6| 484/503 [03:38<00:08,  2.32it/s]
Ingesting:  96%|#########6| 485/503 [03:39<00:08,  2.14it/s]
Ingesting:  97%|#########6| 486/503 [03:39<00:07,  2.24it/s]
Ingesting:  97%|#########6| 487/503 [03:40<00:07,  2.27it/s]
Ingesting:  97%|#########7| 488/503 [03:40<00:07,  2.09it/s]
Ingesting:  97%|#########7| 489/503 [03:41<00:06,  2.04it/s]
Ingesting:  97%|#########7| 490/503 [03:41<00:06,  2.06it/s]
Ingesting:  98%|#########7| 491/503 [03:42<00:05,  2.05it/s]
Ingesting:  98%|#########7| 492/503 [03:42<00:05,  1.99it/s]
Ingesting:  98%|#########8| 493/503 [03:43<00:05,  1.99it/s]
Ingesting:  98%|#########8| 494/503 [03:43<00:04,  1.87it/s]
Ingesting:  98%|#########8| 495/503 [03:44<00:03,  2.02it/s]
Ingesting:  99%|#########8| 496/503 [03:44<00:03,  1.97it/s]
Ingesting:  99%|#########8| 497/503 [03:45<00:02,  2.12it/s]
Ingesting:  99%|#########9| 498/503 [03:45<00:02,  2.17it/s]
Ingesting:  99%|#########9| 499/503 [03:46<00:01,  2.42it/s]
Ingesting:  99%|#########9| 500/503 [03:46<00:01,  2.29it/s]
Ingesting: 100%|#########9| 501/503 [03:46<00:00,  2.30it/s]
Ingesting: 100%|#########9| 502/503 [03:47<00:00,  2.31it/s]
Ingesting: 100%|##########| 503/503 [03:47<00:00,  2.30it/s]
Ingesting: 100%|##########| 503/503 [03:47<00:00,  2.21it/s]

  Succeeded: 501/503
  Failed:    2
  Failed tickers: ['BF.B', 'BRK.B']
  Total rows: 1,939,917
