Ingesting 50 tickers from yfinance
Date range: 2010-01-01 to today
Output: C:\Users\nanas\Downloads\stocks\trading-system\data\bars_daily

Ingesting:   0%|          | 0/50 [00:00<?, ?it/s]
Ingesting:   2%|2         | 1/50 [00:00<00:46,  1.05it/s]
Ingesting:   4%|4         | 2/50 [00:01<00:34,  1.40it/s]
Ingesting:   6%|6         | 3/50 [00:01<00:28,  1.64it/s]
Ingesting:   8%|8         | 4/50 [00:02<00:25,  1.78it/s]
Ingesting:  10%|#         | 5/50 [00:02<00:22,  2.00it/s]
Ingesting:  12%|#2        | 6/50 [00:03<00:20,  2.12it/s]
Ingesting:  14%|#4        | 7/50 [00:03<00:20,  2.13it/s]$BRK.B: possibly delisted; no timezone found

Ingesting:  16%|#6        | 8/50 [00:04<00:26,  1.61it/s]
Ingesting:  18%|#8        | 9/50 [00:05<00:23,  1.73it/s]
Ingesting:  20%|##        | 10/50 [00:05<00:20,  1.91it/s]
Ingesting:  22%|##2       | 11/50 [00:05<00:18,  2.06it/s]
Ingesting:  24%|##4       | 12/50 [00:06<00:18,  2.02it/s]
Ingesting:  26%|##6       | 13/50 [00:07<00:18,  2.01it/s]
Ingesting:  28%|##8       | 14/50 [00:07<00:16,  2.15it/s]
Ingesting:  30%|###       | 15/50 [00:08<00:19,  1.82it/s]
Ingesting:  32%|###2      | 16/50 [00:09<00:22,  1.49it/s]
Ingesting:  34%|###4      | 17/50 [00:09<00:20,  1.58it/s]
Ingesting:  36%|###6      | 18/50 [00:10<00:17,  1.79it/s]
Ingesting:  38%|###8      | 19/50 [00:10<00:16,  1.92it/s]
Ingesting:  40%|####      | 20/50 [00:10<00:14,  2.08it/s]
Ingesting:  42%|####2     | 21/50 [00:11<00:13,  2.07it/s]
Ingesting:  44%|####4     | 22/50 [00:11<00:12,  2.33it/s]
Ingesting:  46%|####6     | 23/50 [00:12<00:11,  2.39it/s]
Ingesting:  48%|####8     | 24/50 [00:12<00:11,  2.28it/s]
Ingesting:  50%|#####     | 25/50 [00:12<00:10,  2.28it/s]
Ingesting:  52%|#####2    | 26/50 [00:13<00:10,  2.30it/s]
Ingesting:  54%|#####4    | 27/50 [00:13<00:09,  2.38it/s]
Ingesting:  56%|#####6    | 28/50 [00:14<00:10,  2.11it/s]
Ingesting:  58%|#####8    | 29/50 [00:14<00:09,  2.10it/s]
Ingesting:  60%|######    | 30/50 [00:15<00:09,  2.12it/s]
Ingesting:  62%|######2   | 31/50 [00:15<00:08,  2.23it/s]
Ingesting:  64%|######4   | 32/50 [00:16<00:08,  2.10it/s]
Ingesting:  66%|######6   | 33/50 [00:16<00:08,  2.07it/s]
Ingesting:  68%|######8   | 34/50 [00:17<00:07,  2.00it/s]
Ingesting:  70%|#######   | 35/50 [00:17<00:07,  2.08it/s]
Ingesting:  72%|#######2  | 36/50 [00:18<00:06,  2.19it/s]
Ingesting:  74%|#######4  | 37/50 [00:18<00:06,  2.14it/s]
Ingesting:  76%|#######6  | 38/50 [00:18<00:05,  2.38it/s]
Ingesting:  78%|#######8  | 39/50 [00:19<00:04,  2.27it/s]
Ingesting:  80%|########  | 40/50 [00:19<00:04,  2.37it/s]
Ingesting:  82%|########2 | 41/50 [00:20<00:03,  2.28it/s]
Ingesting:  84%|########4 | 42/50 [00:20<00:03,  2.28it/s]
Ingesting:  86%|########6 | 43/50 [00:21<00:03,  2.12it/s]
Ingesting:  88%|########8 | 44/50 [00:21<00:02,  2.23it/s]
Ingesting:  90%|######### | 45/50 [00:22<00:02,  2.29it/s]
Ingesting:  92%|#########2| 46/50 [00:22<00:01,  2.35it/s]
Ingesting:  94%|#########3| 47/50 [00:22<00:01,  2.55it/s]
Ingesting:  96%|#########6| 48/50 [00:23<00:00,  2.22it/s]
Ingesting:  98%|#########8| 49/50 [00:23<00:00,  1.96it/s]
Ingesting: 100%|##########| 50/50 [00:24<00:00,  1.95it/s]
Ingesting: 100%|##########| 50/50 [00:24<00:00,  2.04it/s]

  Succeeded: 49/50
  Failed:    1
  Failed tickers: ['BRK.B']
  Total rows: 200,111
