Loading bars from C:\Users\nanas\Downloads\stocks\trading-system\data\bars_daily

Loading bars:   0%|          | 0/49 [00:00<?, ?it/s]
Loading bars:   2%|2         | 1/49 [00:00<00:08,  5.56it/s]
Loading bars:  18%|#8        | 9/49 [00:00<00:01, 37.37it/s]
Loading bars:  35%|###4      | 17/49 [00:00<00:00, 51.91it/s]
Loading bars:  53%|#####3    | 26/49 [00:00<00:00, 63.65it/s]
Loading bars:  69%|######9   | 34/49 [00:00<00:00, 66.13it/s]
Loading bars:  84%|########3 | 41/49 [00:00<00:00, 63.56it/s]
Loading bars: 100%|##########| 49/49 [00:00<00:00, 66.37it/s]
Loading bars: 100%|##########| 49/49 [00:00<00:00, 58.03it/s]
  Loaded: 200,111 rows, 49 symbols
  Date range: 2010-01-04 to 2026-05-12

Computing features...

Per-symbol features:   0%|          | 0/49 [00:00<?, ?it/s]
Per-symbol features:   2%|2         | 1/49 [00:01<00:49,  1.04s/it]
Per-symbol features:   4%|4         | 2/49 [00:01<00:41,  1.14it/s]
Per-symbol features:   6%|6         | 3/49 [00:02<00:40,  1.15it/s]
Per-symbol features:   8%|8         | 4/49 [00:03<00:38,  1.17it/s]
Per-symbol features:  10%|#         | 5/49 [00:04<00:37,  1.17it/s]
Per-symbol features:  12%|#2        | 6/49 [00:05<00:36,  1.18it/s]
Per-symbol features:  14%|#4        | 7/49 [00:06<00:36,  1.15it/s]
Per-symbol features:  16%|#6        | 8/49 [00:06<00:35,  1.16it/s]
Per-symbol features:  18%|#8        | 9/49 [00:07<00:34,  1.16it/s]
Per-symbol features:  20%|##        | 10/49 [00:08<00:34,  1.15it/s]
Per-symbol features:  22%|##2       | 11/49 [00:09<00:34,  1.11it/s]
Per-symbol features:  24%|##4       | 12/49 [00:10<00:34,  1.07it/s]
Per-symbol features:  27%|##6       | 13/49 [00:11<00:34,  1.04it/s]
Per-symbol features:  29%|##8       | 14/49 [00:12<00:33,  1.05it/s]
Per-symbol features:  31%|###       | 15/49 [00:13<00:31,  1.07it/s]
Per-symbol features:  33%|###2      | 16/49 [00:14<00:31,  1.06it/s]
Per-symbol features:  35%|###4      | 17/49 [00:15<00:29,  1.07it/s]
Per-symbol features:  37%|###6      | 18/49 [00:16<00:28,  1.08it/s]
Per-symbol features:  39%|###8      | 19/49 [00:17<00:27,  1.08it/s]
Per-symbol features:  41%|####      | 20/49 [00:18<00:27,  1.06it/s]
Per-symbol features:  43%|####2     | 21/49 [00:19<00:26,  1.07it/s]
Per-symbol features:  45%|####4     | 22/49 [00:20<00:24,  1.08it/s]
Per-symbol features:  47%|####6     | 23/49 [00:21<00:24,  1.06it/s]
Per-symbol features:  49%|####8     | 24/49 [00:21<00:23,  1.05it/s]
Per-symbol features:  51%|#####1    | 25/49 [00:22<00:22,  1.05it/s]
Per-symbol features:  53%|#####3    | 26/49 [00:23<00:21,  1.08it/s]
Per-symbol features:  55%|#####5    | 27/49 [00:24<00:20,  1.09it/s]
Per-symbol features:  57%|#####7    | 28/49 [00:25<00:19,  1.09it/s]
Per-symbol features:  59%|#####9    | 29/49 [00:26<00:18,  1.09it/s]
Per-symbol features:  61%|######1   | 30/49 [00:27<00:17,  1.08it/s]
Per-symbol features:  63%|######3   | 31/49 [00:28<00:15,  1.13it/s]
Per-symbol features:  65%|######5   | 32/49 [00:29<00:15,  1.13it/s]
Per-symbol features:  67%|######7   | 33/49 [00:30<00:14,  1.10it/s]
Per-symbol features:  69%|######9   | 34/49 [00:31<00:13,  1.10it/s]
Per-symbol features:  71%|#######1  | 35/49 [00:31<00:12,  1.13it/s]
Per-symbol features:  73%|#######3  | 36/49 [00:32<00:11,  1.13it/s]
Per-symbol features:  76%|#######5  | 37/49 [00:33<00:10,  1.13it/s]
Per-symbol features:  78%|#######7  | 38/49 [00:34<00:09,  1.12it/s]
Per-symbol features:  80%|#######9  | 39/49 [00:35<00:08,  1.13it/s]
Per-symbol features:  82%|########1 | 40/49 [00:36<00:07,  1.14it/s]
Per-symbol features:  84%|########3 | 41/49 [00:37<00:07,  1.13it/s]
Per-symbol features:  86%|########5 | 42/49 [00:38<00:06,  1.14it/s]
Per-symbol features:  88%|########7 | 43/49 [00:39<00:05,  1.07it/s]
Per-symbol features:  90%|########9 | 44/49 [00:40<00:04,  1.04it/s]
Per-symbol features:  92%|#########1| 45/49 [00:41<00:03,  1.01it/s]
Per-symbol features:  94%|#########3| 46/49 [00:42<00:03,  1.03s/it]
Per-symbol features:  96%|#########5| 47/49 [00:43<00:01,  1.02it/s]
Per-symbol features:  98%|#########7| 48/49 [00:44<00:00,  1.06it/s]
Per-symbol features: 100%|##########| 49/49 [00:44<00:00,  1.08it/s]
Per-symbol features: 100%|##########| 49/49 [00:44<00:00,  1.09it/s]

  Output shape: (200111, 31)
  Columns: ['timestamp', 'open', 'high', 'low', 'close', 'volume', 'symbol', 'ret_1d', 'logret_1d', 'ret_5d', 'logret_5d', 'ret_20d', 'logret_20d', 'ret_60d', 'logret_60d', 'ret_120d', 'logret_120d', 'vol_20d', 'vol_60d', 'dollar_volume', 'dollar_volume_20d_mean', 'volume_zscore_20d', 'kalman_logprice', 'kalman_deviation', 'vol_regime_z', 'spectral_low_freq_ratio', 'ret_5d_xs_rank', 'ret_20d_xs_rank', 'ret_60d_xs_rank', 'ret_120d_xs_rank', 'vol_20d_xs_rank']

  Saved to: C:\Users\nanas\Downloads\stocks\trading-system\data\features.parquet (42.6 MB)

--- SAMPLE: last 3 rows of AAPL ---
 timestamp      close  ret_20d  ret_60d  vol_20d  kalman_deviation  vol_regime_z  spectral_low_freq_ratio  ret_20d_xs_rank  ret_60d_xs_rank
2026-05-08 293.050018 0.126075 0.064682 0.261720          0.065656      0.528625                 0.115666         0.714286         0.734694
2026-05-11 292.679993 0.130207 0.119282 0.260021          0.058268      0.515419                 0.131243         0.775510         0.734694
2026-05-12 294.799988 0.140021 0.153615 0.258499          0.059256      0.500406                 0.141396         0.775510         0.755102

--- NULL RATES (top 10 worst) ---
vol_regime_z               0.066358
ret_120d                   0.029384
ret_120d_xs_rank           0.029384
logret_120d                0.029384
ret_60d                    0.014692
logret_60d                 0.014692
spectral_low_freq_ratio    0.014692
ret_60d_xs_rank            0.014692
vol_60d                    0.014692
vol_20d                    0.004897

  (High null rates at the top are expected: long-horizon features
   need 120+ days of history; DSP features need 252+ days.)
