
Loading bars from C:\Users\nanas\Downloads\stocks\trading-system\data\bars_daily
Loading bars:   0%|          | 0/501 [00:00<?, ?it/s]
Loading bars:   1%|          | 5/501 [00:00<00:09, 49.79it/s]
Loading bars:   3%|2         | 14/501 [00:00<00:06, 69.70it/s]
Loading bars:   5%|4         | 23/501 [00:00<00:06, 75.65it/s]
Loading bars:   6%|6         | 32/501 [00:00<00:05, 78.66it/s]
Loading bars:   8%|8         | 41/501 [00:00<00:05, 79.11it/s]
Loading bars:  10%|9         | 49/501 [00:00<00:05, 78.40it/s]
Loading bars:  11%|#1        | 57/501 [00:00<00:05, 74.79it/s]
Loading bars:  13%|#2        | 65/501 [00:00<00:05, 74.89it/s]
Loading bars:  15%|#4        | 74/501 [00:00<00:05, 76.58it/s]
Loading bars:  16%|#6        | 82/501 [00:01<00:05, 77.15it/s]
Loading bars:  18%|#7        | 90/501 [00:01<00:05, 77.27it/s]
Loading bars:  20%|#9        | 98/501 [00:01<00:05, 74.62it/s]
Loading bars:  21%|##1       | 106/501 [00:01<00:05, 73.34it/s]
Loading bars:  23%|##2       | 114/501 [00:01<00:05, 71.38it/s]
Loading bars:  24%|##4       | 122/501 [00:01<00:05, 73.17it/s]
Loading bars:  26%|##5       | 130/501 [00:01<00:05, 70.26it/s]
Loading bars:  28%|##7       | 138/501 [00:01<00:05, 72.14it/s]
Loading bars:  29%|##9       | 146/501 [00:02<00:05, 65.34it/s]
Loading bars:  31%|###       | 154/501 [00:02<00:05, 67.73it/s]
Loading bars:  32%|###2      | 161/501 [00:02<00:05, 66.27it/s]
Loading bars:  34%|###3      | 169/501 [00:02<00:04, 69.47it/s]
Loading bars:  35%|###5      | 177/501 [00:02<00:04, 70.01it/s]
Loading bars:  37%|###7      | 186/501 [00:02<00:04, 73.89it/s]
Loading bars:  39%|###8      | 195/501 [00:02<00:04, 75.68it/s]
Loading bars:  41%|####      | 203/501 [00:02<00:03, 75.78it/s]
Loading bars:  42%|####2     | 211/501 [00:02<00:03, 72.96it/s]
Loading bars:  44%|####3     | 219/501 [00:03<00:04, 68.96it/s]
Loading bars:  45%|####5     | 226/501 [00:03<00:04, 67.58it/s]
Loading bars:  47%|####6     | 234/501 [00:03<00:03, 70.77it/s]
Loading bars:  48%|####8     | 242/501 [00:03<00:03, 72.90it/s]
Loading bars:  50%|#####     | 252/501 [00:03<00:03, 77.46it/s]
Loading bars:  52%|#####1    | 260/501 [00:03<00:03, 74.52it/s]
Loading bars:  53%|#####3    | 268/501 [00:03<00:03, 72.08it/s]
Loading bars:  55%|#####5    | 276/501 [00:03<00:03, 73.87it/s]
Loading bars:  57%|#####6    | 284/501 [00:03<00:02, 74.34it/s]
Loading bars:  58%|#####8    | 292/501 [00:04<00:02, 74.43it/s]
Loading bars:  60%|######    | 301/501 [00:04<00:02, 76.30it/s]
Loading bars:  62%|######1   | 309/501 [00:04<00:02, 75.44it/s]
Loading bars:  63%|######3   | 317/501 [00:04<00:02, 72.59it/s]
Loading bars:  65%|######4   | 325/501 [00:04<00:02, 69.31it/s]
Loading bars:  67%|######6   | 334/501 [00:04<00:02, 73.09it/s]
Loading bars:  68%|######8   | 342/501 [00:04<00:02, 74.46it/s]
Loading bars:  70%|#######   | 351/501 [00:04<00:01, 76.31it/s]
Loading bars:  72%|#######1  | 360/501 [00:04<00:01, 77.77it/s]
Loading bars:  74%|#######3  | 369/501 [00:05<00:01, 78.54it/s]
Loading bars:  75%|#######5  | 377/501 [00:05<00:01, 77.34it/s]
Loading bars:  77%|#######6  | 385/501 [00:05<00:01, 76.70it/s]
Loading bars:  78%|#######8  | 393/501 [00:05<00:01, 76.16it/s]
Loading bars:  80%|########  | 401/501 [00:05<00:01, 75.45it/s]
Loading bars:  82%|########1 | 410/501 [00:05<00:01, 78.92it/s]
Loading bars:  84%|########3 | 419/501 [00:05<00:01, 80.32it/s]
Loading bars:  85%|########5 | 428/501 [00:05<00:00, 82.81it/s]
Loading bars:  87%|########7 | 437/501 [00:05<00:00, 84.40it/s]
Loading bars:  89%|########9 | 446/501 [00:05<00:00, 84.84it/s]
Loading bars:  91%|######### | 455/501 [00:06<00:00, 81.20it/s]
Loading bars:  93%|#########2| 464/501 [00:06<00:00, 80.28it/s]
Loading bars:  94%|#########4| 473/501 [00:06<00:00, 73.83it/s]
Loading bars:  96%|#########6| 482/501 [00:06<00:00, 76.06it/s]
Loading bars:  98%|#########8| 491/501 [00:06<00:00, 78.56it/s]
Loading bars: 100%|#########9| 499/501 [00:06<00:00, 78.78it/s]
Loading bars: 100%|##########| 501/501 [00:06<00:00, 74.87it/s]
  Loaded: 1,939,917 rows, 501 symbols
  Date range: 2010-01-04 to 2026-05-12

Computing features...

Per-symbol features:   0%|          | 0/501 [00:00<?, ?it/s]
Per-symbol features:   0%|          | 1/501 [00:01<09:34,  1.15s/it]
Per-symbol features:   0%|          | 2/501 [00:02<08:50,  1.06s/it]
Per-symbol features:   1%|          | 3/501 [00:02<07:33,  1.10it/s]
Per-symbol features:   1%|          | 4/501 [00:03<05:39,  1.47it/s]
Per-symbol features:   1%|          | 5/501 [00:04<06:44,  1.23it/s]
Per-symbol features:   1%|1         | 6/501 [00:05<08:11,  1.01it/s]
Per-symbol features:   1%|1         | 7/501 [00:06<07:50,  1.05it/s]
Per-symbol features:   2%|1         | 8/501 [00:07<07:45,  1.06it/s]
Per-symbol features:   2%|1         | 9/501 [00:08<07:43,  1.06it/s]
Per-symbol features:   2%|1         | 10/501 [00:09<07:29,  1.09it/s]
Per-symbol features:   2%|2         | 11/501 [00:10<07:27,  1.09it/s]
Per-symbol features:   2%|2         | 12/501 [00:10<07:12,  1.13it/s]
Per-symbol features:   3%|2         | 13/501 [00:11<07:08,  1.14it/s]
Per-symbol features:   3%|2         | 14/501 [00:12<07:01,  1.16it/s]
Per-symbol features:   3%|2         | 15/501 [00:13<06:54,  1.17it/s]
Per-symbol features:   3%|3         | 16/501 [00:14<06:55,  1.17it/s]
Per-symbol features:   3%|3         | 17/501 [00:15<06:50,  1.18it/s]
Per-symbol features:   4%|3         | 18/501 [00:16<06:52,  1.17it/s]
Per-symbol features:   4%|3         | 19/501 [00:16<06:50,  1.17it/s]
Per-symbol features:   4%|3         | 20/501 [00:17<06:46,  1.18it/s]
Per-symbol features:   4%|4         | 21/501 [00:18<06:53,  1.16it/s]
Per-symbol features:   4%|4         | 22/501 [00:19<07:06,  1.12it/s]
Per-symbol features:   5%|4         | 23/501 [00:20<07:17,  1.09it/s]
Per-symbol features:   5%|4         | 24/501 [00:21<06:51,  1.16it/s]
Per-symbol features:   5%|4         | 25/501 [00:22<06:48,  1.17it/s]
Per-symbol features:   5%|5         | 26/501 [00:22<06:24,  1.23it/s]
Per-symbol features:   5%|5         | 27/501 [00:23<06:30,  1.21it/s]
Per-symbol features:   6%|5         | 28/501 [00:24<06:34,  1.20it/s]
Per-symbol features:   6%|5         | 29/501 [00:25<06:33,  1.20it/s]
Per-symbol features:   6%|5         | 30/501 [00:26<06:30,  1.21it/s]
Per-symbol features:   6%|6         | 31/501 [00:26<06:29,  1.21it/s]
Per-symbol features:   6%|6         | 32/501 [00:27<06:36,  1.18it/s]
Per-symbol features:   7%|6         | 33/501 [00:28<06:28,  1.20it/s]
Per-symbol features:   7%|6         | 34/501 [00:29<06:29,  1.20it/s]
Per-symbol features:   7%|6         | 35/501 [00:30<06:31,  1.19it/s]
Per-symbol features:   7%|7         | 36/501 [00:31<06:30,  1.19it/s]
Per-symbol features:   7%|7         | 37/501 [00:32<06:29,  1.19it/s]
Per-symbol features:   8%|7         | 38/501 [00:32<06:27,  1.19it/s]
Per-symbol features:   8%|7         | 39/501 [00:33<06:15,  1.23it/s]
Per-symbol features:   8%|7         | 40/501 [00:33<05:05,  1.51it/s]
Per-symbol features:   8%|8         | 41/501 [00:34<05:19,  1.44it/s]
Per-symbol features:   8%|8         | 42/501 [00:35<05:37,  1.36it/s]
Per-symbol features:   9%|8         | 43/501 [00:36<05:22,  1.42it/s]
Per-symbol features:   9%|8         | 44/501 [00:37<05:39,  1.35it/s]
Per-symbol features:   9%|8         | 45/501 [00:37<05:52,  1.29it/s]
Per-symbol features:   9%|9         | 46/501 [00:38<05:59,  1.27it/s]
Per-symbol features:   9%|9         | 47/501 [00:39<06:04,  1.25it/s]
Per-symbol features:  10%|9         | 48/501 [00:40<06:11,  1.22it/s]
Per-symbol features:  10%|9         | 49/501 [00:41<06:12,  1.21it/s]
Per-symbol features:  10%|9         | 50/501 [00:42<06:13,  1.21it/s]
Per-symbol features:  10%|#         | 51/501 [00:42<06:13,  1.21it/s]
Per-symbol features:  10%|#         | 52/501 [00:43<06:14,  1.20it/s]
Per-symbol features:  11%|#         | 53/501 [00:44<06:15,  1.19it/s]
Per-symbol features:  11%|#         | 54/501 [00:45<06:19,  1.18it/s]
Per-symbol features:  11%|#         | 55/501 [00:46<06:27,  1.15it/s]
Per-symbol features:  11%|#1        | 56/501 [00:47<06:31,  1.14it/s]
Per-symbol features:  11%|#1        | 57/501 [00:48<06:47,  1.09it/s]
Per-symbol features:  12%|#1        | 58/501 [00:49<07:02,  1.05it/s]
Per-symbol features:  12%|#1        | 59/501 [00:50<07:09,  1.03it/s]
Per-symbol features:  12%|#1        | 60/501 [00:51<07:07,  1.03it/s]
Per-symbol features:  12%|#2        | 61/501 [00:52<06:59,  1.05it/s]
Per-symbol features:  12%|#2        | 62/501 [00:53<06:48,  1.08it/s]
Per-symbol features:  13%|#2        | 63/501 [00:53<06:43,  1.09it/s]
Per-symbol features:  13%|#2        | 64/501 [00:54<06:39,  1.09it/s]
Per-symbol features:  13%|#2        | 65/501 [00:55<06:34,  1.10it/s]
Per-symbol features:  13%|#3        | 66/501 [00:56<06:32,  1.11it/s]
Per-symbol features:  13%|#3        | 67/501 [00:57<06:31,  1.11it/s]
Per-symbol features:  14%|#3        | 68/501 [00:58<06:28,  1.11it/s]
Per-symbol features:  14%|#3        | 69/501 [00:59<06:30,  1.11it/s]
Per-symbol features:  14%|#3        | 70/501 [01:00<06:30,  1.10it/s]
Per-symbol features:  14%|#4        | 71/501 [01:01<06:26,  1.11it/s]
Per-symbol features:  14%|#4        | 72/501 [01:02<06:33,  1.09it/s]
Per-symbol features:  15%|#4        | 73/501 [01:03<06:43,  1.06it/s]
Per-symbol features:  15%|#4        | 74/501 [01:04<06:46,  1.05it/s]
Per-symbol features:  15%|#4        | 75/501 [01:04<05:29,  1.29it/s]
Per-symbol features:  15%|#5        | 76/501 [01:05<05:45,  1.23it/s]
Per-symbol features:  15%|#5        | 77/501 [01:06<05:51,  1.21it/s]
Per-symbol features:  16%|#5        | 78/501 [01:07<06:01,  1.17it/s]
Per-symbol features:  16%|#5        | 79/501 [01:08<06:06,  1.15it/s]
Per-symbol features:  16%|#5        | 80/501 [01:08<06:03,  1.16it/s]
Per-symbol features:  16%|#6        | 81/501 [01:09<06:06,  1.14it/s]
Per-symbol features:  16%|#6        | 82/501 [01:10<06:09,  1.13it/s]
Per-symbol features:  17%|#6        | 83/501 [01:11<06:27,  1.08it/s]
Per-symbol features:  17%|#6        | 84/501 [01:12<06:00,  1.16it/s]
Per-symbol features:  17%|#6        | 85/501 [01:12<04:44,  1.46it/s]
Per-symbol features:  17%|#7        | 86/501 [01:13<05:41,  1.21it/s]
Per-symbol features:  17%|#7        | 87/501 [01:14<05:27,  1.27it/s]
Per-symbol features:  18%|#7        | 88/501 [01:15<05:51,  1.18it/s]
Per-symbol features:  18%|#7        | 89/501 [01:16<06:02,  1.14it/s]
Per-symbol features:  18%|#7        | 90/501 [01:17<06:01,  1.14it/s]
Per-symbol features:  18%|#8        | 91/501 [01:18<06:05,  1.12it/s]
Per-symbol features:  18%|#8        | 92/501 [01:19<06:14,  1.09it/s]
Per-symbol features:  19%|#8        | 93/501 [01:20<06:33,  1.04it/s]
Per-symbol features:  19%|#8        | 94/501 [01:21<06:36,  1.03it/s]
Per-symbol features:  19%|#8        | 95/501 [01:22<06:34,  1.03it/s]
Per-symbol features:  19%|#9        | 96/501 [01:23<06:20,  1.07it/s]
Per-symbol features:  19%|#9        | 97/501 [01:24<06:14,  1.08it/s]
Per-symbol features:  20%|#9        | 98/501 [01:25<06:15,  1.07it/s]
Per-symbol features:  20%|#9        | 99/501 [01:25<06:17,  1.07it/s]
Per-symbol features:  20%|#9        | 100/501 [01:26<06:23,  1.05it/s]
Per-symbol features:  20%|##        | 101/501 [01:27<06:18,  1.06it/s]
Per-symbol features:  20%|##        | 102/501 [01:28<06:22,  1.04it/s]
Per-symbol features:  21%|##        | 103/501 [01:29<06:12,  1.07it/s]
Per-symbol features:  21%|##        | 104/501 [01:30<06:14,  1.06it/s]
Per-symbol features:  21%|##        | 105/501 [01:31<04:57,  1.33it/s]
Per-symbol features:  21%|##1       | 106/501 [01:32<05:35,  1.18it/s]
Per-symbol features:  21%|##1       | 107/501 [01:33<05:48,  1.13it/s]
Per-symbol features:  22%|##1       | 108/501 [01:34<06:01,  1.09it/s]
Per-symbol features:  22%|##1       | 109/501 [01:34<05:53,  1.11it/s]
Per-symbol features:  22%|##1       | 110/501 [01:35<05:41,  1.14it/s]
Per-symbol features:  22%|##2       | 111/501 [01:36<05:39,  1.15it/s]
Per-symbol features:  22%|##2       | 112/501 [01:37<05:36,  1.16it/s]
Per-symbol features:  23%|##2       | 113/501 [01:38<05:32,  1.17it/s]
Per-symbol features:  23%|##2       | 114/501 [01:39<05:30,  1.17it/s]
Per-symbol features:  23%|##2       | 115/501 [01:40<05:33,  1.16it/s]
Per-symbol features:  23%|##3       | 116/501 [01:40<05:31,  1.16it/s]
Per-symbol features:  23%|##3       | 117/501 [01:41<04:32,  1.41it/s]
Per-symbol features:  24%|##3       | 118/501 [01:42<04:48,  1.33it/s]
Per-symbol features:  24%|##3       | 119/501 [01:42<04:56,  1.29it/s]
Per-symbol features:  24%|##3       | 120/501 [01:43<05:08,  1.24it/s]
Per-symbol features:  24%|##4       | 121/501 [01:44<05:14,  1.21it/s]
Per-symbol features:  24%|##4       | 122/501 [01:45<05:15,  1.20it/s]
Per-symbol features:  25%|##4       | 123/501 [01:45<04:21,  1.45it/s]
Per-symbol features:  25%|##4       | 124/501 [01:46<03:57,  1.59it/s]
Per-symbol features:  25%|##4       | 125/501 [01:47<04:20,  1.44it/s]
Per-symbol features:  25%|##5       | 126/501 [01:48<04:48,  1.30it/s]
Per-symbol features:  25%|##5       | 127/501 [01:49<05:21,  1.16it/s]
Per-symbol features:  26%|##5       | 128/501 [01:50<05:39,  1.10it/s]
Per-symbol features:  26%|##5       | 129/501 [01:50<04:35,  1.35it/s]
Per-symbol features:  26%|##5       | 130/501 [01:51<05:04,  1.22it/s]
Per-symbol features:  26%|##6       | 131/501 [01:51<04:13,  1.46it/s]
Per-symbol features:  26%|##6       | 132/501 [01:52<04:33,  1.35it/s]
Per-symbol features:  27%|##6       | 133/501 [01:53<04:44,  1.29it/s]
Per-symbol features:  27%|##6       | 134/501 [01:54<04:15,  1.44it/s]
Per-symbol features:  27%|##6       | 135/501 [01:55<04:29,  1.36it/s]
Per-symbol features:  27%|##7       | 136/501 [01:55<04:46,  1.27it/s]
Per-symbol features:  27%|##7       | 137/501 [01:56<04:54,  1.24it/s]
Per-symbol features:  28%|##7       | 138/501 [01:57<04:56,  1.22it/s]
Per-symbol features:  28%|##7       | 139/501 [01:58<04:59,  1.21it/s]
Per-symbol features:  28%|##7       | 140/501 [01:59<05:02,  1.19it/s]
Per-symbol features:  28%|##8       | 141/501 [02:00<05:10,  1.16it/s]
Per-symbol features:  28%|##8       | 142/501 [02:01<05:12,  1.15it/s]
Per-symbol features:  29%|##8       | 143/501 [02:02<05:07,  1.16it/s]
Per-symbol features:  29%|##8       | 144/501 [02:02<04:15,  1.40it/s]
Per-symbol features:  29%|##8       | 145/501 [02:03<04:30,  1.32it/s]
Per-symbol features:  29%|##9       | 146/501 [02:04<04:46,  1.24it/s]
Per-symbol features:  29%|##9       | 147/501 [02:05<04:51,  1.21it/s]
Per-symbol features:  30%|##9       | 148/501 [02:05<04:52,  1.21it/s]
Per-symbol features:  30%|##9       | 149/501 [02:06<04:55,  1.19it/s]
Per-symbol features:  30%|##9       | 150/501 [02:07<05:01,  1.16it/s]
Per-symbol features:  30%|###       | 151/501 [02:08<05:01,  1.16it/s]
Per-symbol features:  30%|###       | 152/501 [02:09<04:57,  1.17it/s]
Per-symbol features:  31%|###       | 153/501 [02:10<04:55,  1.18it/s]
Per-symbol features:  31%|###       | 154/501 [02:11<04:54,  1.18it/s]
Per-symbol features:  31%|###       | 155/501 [02:11<04:55,  1.17it/s]
Per-symbol features:  31%|###1      | 156/501 [02:12<04:54,  1.17it/s]
Per-symbol features:  31%|###1      | 157/501 [02:13<04:49,  1.19it/s]
Per-symbol features:  32%|###1      | 158/501 [02:14<04:49,  1.18it/s]
Per-symbol features:  32%|###1      | 159/501 [02:15<04:54,  1.16it/s]
Per-symbol features:  32%|###1      | 160/501 [02:16<04:58,  1.14it/s]
Per-symbol features:  32%|###2      | 161/501 [02:17<04:59,  1.14it/s]
Per-symbol features:  32%|###2      | 162/501 [02:17<04:59,  1.13it/s]
Per-symbol features:  33%|###2      | 163/501 [02:18<05:11,  1.09it/s]
Per-symbol features:  33%|###2      | 164/501 [02:19<05:12,  1.08it/s]
Per-symbol features:  33%|###2      | 165/501 [02:21<05:28,  1.02it/s]
Per-symbol features:  33%|###3      | 166/501 [02:21<05:18,  1.05it/s]
Per-symbol features:  33%|###3      | 167/501 [02:22<05:17,  1.05it/s]
Per-symbol features:  34%|###3      | 168/501 [02:23<05:12,  1.07it/s]
Per-symbol features:  34%|###3      | 169/501 [02:24<05:06,  1.08it/s]
Per-symbol features:  34%|###3      | 170/501 [02:25<04:58,  1.11it/s]
Per-symbol features:  34%|###4      | 171/501 [02:26<04:51,  1.13it/s]
Per-symbol features:  34%|###4      | 172/501 [02:27<04:49,  1.14it/s]
Per-symbol features:  35%|###4      | 173/501 [02:28<04:52,  1.12it/s]
Per-symbol features:  35%|###4      | 174/501 [02:29<04:54,  1.11it/s]
Per-symbol features:  35%|###4      | 175/501 [02:29<04:48,  1.13it/s]
Per-symbol features:  35%|###5      | 176/501 [02:30<03:50,  1.41it/s]
Per-symbol features:  35%|###5      | 177/501 [02:31<04:10,  1.29it/s]
Per-symbol features:  36%|###5      | 178/501 [02:32<04:27,  1.21it/s]
Per-symbol features:  36%|###5      | 179/501 [02:32<04:31,  1.19it/s]
Per-symbol features:  36%|###5      | 180/501 [02:33<04:31,  1.18it/s]
Per-symbol features:  36%|###6      | 181/501 [02:34<04:19,  1.23it/s]
Per-symbol features:  36%|###6      | 182/501 [02:35<04:26,  1.20it/s]
Per-symbol features:  37%|###6      | 183/501 [02:36<04:31,  1.17it/s]
Per-symbol features:  37%|###6      | 184/501 [02:37<04:35,  1.15it/s]
Per-symbol features:  37%|###6      | 185/501 [02:38<04:48,  1.09it/s]
Per-symbol features:  37%|###7      | 186/501 [02:39<04:45,  1.11it/s]
Per-symbol features:  37%|###7      | 187/501 [02:40<04:45,  1.10it/s]
Per-symbol features:  38%|###7      | 188/501 [02:40<04:45,  1.10it/s]
Per-symbol features:  38%|###7      | 189/501 [02:41<04:39,  1.12it/s]
Per-symbol features:  38%|###7      | 190/501 [02:42<04:38,  1.12it/s]
Per-symbol features:  38%|###8      | 191/501 [02:43<04:40,  1.11it/s]
Per-symbol features:  38%|###8      | 192/501 [02:44<04:46,  1.08it/s]
Per-symbol features:  39%|###8      | 193/501 [02:45<03:53,  1.32it/s]
Per-symbol features:  39%|###8      | 194/501 [02:45<03:17,  1.55it/s]
Per-symbol features:  39%|###8      | 195/501 [02:46<03:40,  1.39it/s]
Per-symbol features:  39%|###9      | 196/501 [02:47<03:52,  1.31it/s]
Per-symbol features:  39%|###9      | 197/501 [02:48<04:10,  1.21it/s]
Per-symbol features:  40%|###9      | 198/501 [02:48<04:09,  1.21it/s]
Per-symbol features:  40%|###9      | 199/501 [02:50<04:36,  1.09it/s]
Per-symbol features:  40%|###9      | 200/501 [02:50<04:16,  1.17it/s]
Per-symbol features:  40%|####      | 201/501 [02:51<04:30,  1.11it/s]
Per-symbol features:  40%|####      | 202/501 [02:51<03:25,  1.46it/s]
Per-symbol features:  41%|####      | 203/501 [02:52<03:42,  1.34it/s]
Per-symbol features:  41%|####      | 204/501 [02:52<02:45,  1.80it/s]
Per-symbol features:  41%|####      | 205/501 [02:53<03:11,  1.55it/s]
Per-symbol features:  41%|####1     | 206/501 [02:54<03:33,  1.38it/s]
Per-symbol features:  41%|####1     | 207/501 [02:55<04:03,  1.21it/s]
Per-symbol features:  42%|####1     | 208/501 [02:56<04:15,  1.15it/s]
Per-symbol features:  42%|####1     | 209/501 [02:57<04:17,  1.13it/s]
Per-symbol features:  42%|####1     | 210/501 [02:58<04:19,  1.12it/s]
Per-symbol features:  42%|####2     | 211/501 [02:59<04:19,  1.12it/s]
Per-symbol features:  42%|####2     | 212/501 [03:00<04:19,  1.11it/s]
Per-symbol features:  43%|####2     | 213/501 [03:01<04:17,  1.12it/s]
Per-symbol features:  43%|####2     | 214/501 [03:02<04:17,  1.12it/s]
Per-symbol features:  43%|####2     | 215/501 [03:03<04:18,  1.11it/s]
Per-symbol features:  43%|####3     | 216/501 [03:04<04:19,  1.10it/s]
Per-symbol features:  43%|####3     | 217/501 [03:04<04:17,  1.10it/s]
Per-symbol features:  44%|####3     | 218/501 [03:05<04:12,  1.12it/s]
Per-symbol features:  44%|####3     | 219/501 [03:06<04:12,  1.12it/s]
Per-symbol features:  44%|####3     | 220/501 [03:07<04:14,  1.10it/s]
Per-symbol features:  44%|####4     | 221/501 [03:08<04:14,  1.10it/s]
Per-symbol features:  44%|####4     | 222/501 [03:09<04:10,  1.11it/s]
Per-symbol features:  45%|####4     | 223/501 [03:10<04:07,  1.12it/s]
Per-symbol features:  45%|####4     | 224/501 [03:11<04:01,  1.15it/s]
Per-symbol features:  45%|####4     | 225/501 [03:11<03:47,  1.21it/s]
Per-symbol features:  45%|####5     | 226/501 [03:12<03:52,  1.18it/s]
Per-symbol features:  45%|####5     | 227/501 [03:12<03:02,  1.50it/s]
Per-symbol features:  46%|####5     | 228/501 [03:13<02:52,  1.59it/s]
Per-symbol features:  46%|####5     | 229/501 [03:14<03:12,  1.41it/s]
Per-symbol features:  46%|####5     | 230/501 [03:15<03:28,  1.30it/s]
Per-symbol features:  46%|####6     | 231/501 [03:16<03:40,  1.23it/s]
Per-symbol features:  46%|####6     | 232/501 [03:17<03:46,  1.19it/s]
Per-symbol features:  47%|####6     | 233/501 [03:18<03:55,  1.14it/s]
Per-symbol features:  47%|####6     | 234/501 [03:19<04:08,  1.08it/s]
Per-symbol features:  47%|####6     | 235/501 [03:20<04:21,  1.02it/s]
Per-symbol features:  47%|####7     | 236/501 [03:20<03:52,  1.14it/s]
Per-symbol features:  47%|####7     | 237/501 [03:21<04:04,  1.08it/s]
Per-symbol features:  48%|####7     | 238/501 [03:22<04:01,  1.09it/s]
Per-symbol features:  48%|####7     | 239/501 [03:23<04:02,  1.08it/s]
Per-symbol features:  48%|####7     | 240/501 [03:24<04:05,  1.06it/s]
Per-symbol features:  48%|####8     | 241/501 [03:25<03:59,  1.08it/s]
Per-symbol features:  48%|####8     | 242/501 [03:26<03:56,  1.10it/s]
Per-symbol features:  49%|####8     | 243/501 [03:27<03:55,  1.10it/s]
Per-symbol features:  49%|####8     | 244/501 [03:28<03:54,  1.09it/s]
Per-symbol features:  49%|####8     | 245/501 [03:29<03:51,  1.11it/s]
Per-symbol features:  49%|####9     | 246/501 [03:29<03:18,  1.28it/s]
Per-symbol features:  49%|####9     | 247/501 [03:30<03:28,  1.22it/s]
Per-symbol features:  50%|####9     | 248/501 [03:31<03:19,  1.27it/s]
Per-symbol features:  50%|####9     | 249/501 [03:31<02:59,  1.41it/s]
Per-symbol features:  50%|####9     | 250/501 [03:32<03:13,  1.30it/s]
Per-symbol features:  50%|#####     | 251/501 [03:33<03:19,  1.25it/s]
Per-symbol features:  50%|#####     | 252/501 [03:34<03:26,  1.21it/s]
Per-symbol features:  50%|#####     | 253/501 [03:35<03:36,  1.14it/s]
Per-symbol features:  51%|#####     | 254/501 [03:36<03:38,  1.13it/s]
Per-symbol features:  51%|#####     | 255/501 [03:37<03:37,  1.13it/s]
Per-symbol features:  51%|#####1    | 256/501 [03:38<03:36,  1.13it/s]
Per-symbol features:  51%|#####1    | 257/501 [03:39<03:35,  1.13it/s]
Per-symbol features:  51%|#####1    | 258/501 [03:40<03:37,  1.12it/s]
Per-symbol features:  52%|#####1    | 259/501 [03:40<03:36,  1.12it/s]
Per-symbol features:  52%|#####1    | 260/501 [03:41<03:34,  1.13it/s]
Per-symbol features:  52%|#####2    | 261/501 [03:42<03:33,  1.12it/s]
Per-symbol features:  52%|#####2    | 262/501 [03:43<03:40,  1.08it/s]
Per-symbol features:  52%|#####2    | 263/501 [03:44<03:39,  1.09it/s]
Per-symbol features:  53%|#####2    | 264/501 [03:45<03:15,  1.21it/s]
Per-symbol features:  53%|#####2    | 265/501 [03:45<02:57,  1.33it/s]
Per-symbol features:  53%|#####3    | 266/501 [03:46<03:09,  1.24it/s]
Per-symbol features:  53%|#####3    | 267/501 [03:47<03:19,  1.17it/s]
Per-symbol features:  53%|#####3    | 268/501 [03:48<03:36,  1.08it/s]
Per-symbol features:  54%|#####3    | 269/501 [03:49<03:45,  1.03it/s]
Per-symbol features:  54%|#####3    | 270/501 [03:50<03:52,  1.01s/it]
Per-symbol features:  54%|#####4    | 271/501 [03:52<03:58,  1.04s/it]
Per-symbol features:  54%|#####4    | 272/501 [03:53<03:53,  1.02s/it]
Per-symbol features:  54%|#####4    | 273/501 [03:53<02:54,  1.31it/s]
Per-symbol features:  55%|#####4    | 274/501 [03:54<03:07,  1.21it/s]
Per-symbol features:  55%|#####4    | 275/501 [03:55<03:18,  1.14it/s]
Per-symbol features:  55%|#####5    | 276/501 [03:56<03:29,  1.07it/s]
Per-symbol features:  55%|#####5    | 277/501 [03:57<03:31,  1.06it/s]
Per-symbol features:  55%|#####5    | 278/501 [03:58<03:30,  1.06it/s]
Per-symbol features:  56%|#####5    | 279/501 [03:59<03:26,  1.08it/s]
Per-symbol features:  56%|#####5    | 280/501 [03:59<03:25,  1.08it/s]
Per-symbol features:  56%|#####6    | 281/501 [04:00<03:03,  1.20it/s]
Per-symbol features:  56%|#####6    | 282/501 [04:01<03:04,  1.19it/s]
Per-symbol features:  56%|#####6    | 283/501 [04:02<03:12,  1.13it/s]
Per-symbol features:  57%|#####6    | 284/501 [04:03<03:12,  1.13it/s]
Per-symbol features:  57%|#####6    | 285/501 [04:04<03:16,  1.10it/s]
Per-symbol features:  57%|#####7    | 286/501 [04:05<03:14,  1.11it/s]
Per-symbol features:  57%|#####7    | 287/501 [04:06<03:10,  1.12it/s]
Per-symbol features:  57%|#####7    | 288/501 [04:06<03:10,  1.12it/s]
Per-symbol features:  58%|#####7    | 289/501 [04:07<03:12,  1.10it/s]
Per-symbol features:  58%|#####7    | 290/501 [04:08<03:10,  1.11it/s]
Per-symbol features:  58%|#####8    | 291/501 [04:09<03:06,  1.13it/s]
Per-symbol features:  58%|#####8    | 292/501 [04:10<03:06,  1.12it/s]
Per-symbol features:  58%|#####8    | 293/501 [04:11<03:08,  1.10it/s]
Per-symbol features:  59%|#####8    | 294/501 [04:12<03:09,  1.09it/s]
Per-symbol features:  59%|#####8    | 295/501 [04:13<03:06,  1.11it/s]
Per-symbol features:  59%|#####9    | 296/501 [04:14<03:03,  1.12it/s]
Per-symbol features:  59%|#####9    | 297/501 [04:15<03:02,  1.12it/s]
Per-symbol features:  59%|#####9    | 298/501 [04:15<03:03,  1.11it/s]
Per-symbol features:  60%|#####9    | 299/501 [04:16<03:06,  1.08it/s]
Per-symbol features:  60%|#####9    | 300/501 [04:17<03:02,  1.10it/s]
Per-symbol features:  60%|######    | 301/501 [04:18<03:06,  1.07it/s]
Per-symbol features:  60%|######    | 302/501 [04:19<03:21,  1.01s/it]
Per-symbol features:  60%|######    | 303/501 [04:20<03:16,  1.01it/s]
Per-symbol features:  61%|######    | 304/501 [04:21<03:12,  1.02it/s]
Per-symbol features:  61%|######    | 305/501 [04:22<03:06,  1.05it/s]
Per-symbol features:  61%|######1   | 306/501 [04:23<03:05,  1.05it/s]
Per-symbol features:  61%|######1   | 307/501 [04:24<03:01,  1.07it/s]
Per-symbol features:  61%|######1   | 308/501 [04:25<02:57,  1.09it/s]
Per-symbol features:  62%|######1   | 309/501 [04:26<02:54,  1.10it/s]
Per-symbol features:  62%|######1   | 310/501 [04:27<02:52,  1.11it/s]
Per-symbol features:  62%|######2   | 311/501 [04:28<02:48,  1.13it/s]
Per-symbol features:  62%|######2   | 312/501 [04:29<02:49,  1.12it/s]
Per-symbol features:  62%|######2   | 313/501 [04:30<02:54,  1.08it/s]
Per-symbol features:  63%|######2   | 314/501 [04:30<02:28,  1.26it/s]
Per-symbol features:  63%|######2   | 315/501 [04:31<02:37,  1.18it/s]
Per-symbol features:  63%|######3   | 316/501 [04:32<02:47,  1.10it/s]
Per-symbol features:  63%|######3   | 317/501 [04:33<02:48,  1.09it/s]
Per-symbol features:  63%|######3   | 318/501 [04:34<02:46,  1.10it/s]
Per-symbol features:  64%|######3   | 319/501 [04:35<02:44,  1.10it/s]
Per-symbol features:  64%|######3   | 320/501 [04:36<02:47,  1.08it/s]
Per-symbol features:  64%|######4   | 321/501 [04:37<02:49,  1.06it/s]
Per-symbol features:  64%|######4   | 322/501 [04:38<03:04,  1.03s/it]
Per-symbol features:  64%|######4   | 323/501 [04:39<02:48,  1.05it/s]
Per-symbol features:  65%|######4   | 324/501 [04:40<02:50,  1.04it/s]
Per-symbol features:  65%|######4   | 325/501 [04:41<02:54,  1.01it/s]
Per-symbol features:  65%|######5   | 326/501 [04:42<02:50,  1.03it/s]
Per-symbol features:  65%|######5   | 327/501 [04:43<02:44,  1.05it/s]
Per-symbol features:  65%|######5   | 328/501 [04:44<02:47,  1.03it/s]
Per-symbol features:  66%|######5   | 329/501 [04:45<02:43,  1.06it/s]
Per-symbol features:  66%|######5   | 330/501 [04:45<02:40,  1.07it/s]
Per-symbol features:  66%|######6   | 331/501 [04:46<02:35,  1.10it/s]
Per-symbol features:  66%|######6   | 332/501 [04:47<02:27,  1.15it/s]
Per-symbol features:  66%|######6   | 333/501 [04:48<02:32,  1.10it/s]
Per-symbol features:  67%|######6   | 334/501 [04:49<02:38,  1.05it/s]
Per-symbol features:  67%|######6   | 335/501 [04:50<02:43,  1.02it/s]
Per-symbol features:  67%|######7   | 336/501 [04:51<02:44,  1.01it/s]
Per-symbol features:  67%|######7   | 337/501 [04:52<02:39,  1.03it/s]
Per-symbol features:  67%|######7   | 338/501 [04:53<02:32,  1.07it/s]
Per-symbol features:  68%|######7   | 339/501 [04:54<02:29,  1.08it/s]
Per-symbol features:  68%|######7   | 340/501 [04:55<02:17,  1.17it/s]
Per-symbol features:  68%|######8   | 341/501 [04:55<02:12,  1.21it/s]
Per-symbol features:  68%|######8   | 342/501 [04:56<02:16,  1.17it/s]
Per-symbol features:  68%|######8   | 343/501 [04:57<02:20,  1.12it/s]
Per-symbol features:  69%|######8   | 344/501 [04:58<02:22,  1.10it/s]
Per-symbol features:  69%|######8   | 345/501 [04:59<02:25,  1.07it/s]
Per-symbol features:  69%|######9   | 346/501 [05:00<02:24,  1.07it/s]
Per-symbol features:  69%|######9   | 347/501 [05:01<02:24,  1.07it/s]
Per-symbol features:  69%|######9   | 348/501 [05:02<02:21,  1.08it/s]
Per-symbol features:  70%|######9   | 349/501 [05:03<02:18,  1.09it/s]
Per-symbol features:  70%|######9   | 350/501 [05:03<01:54,  1.32it/s]
Per-symbol features:  70%|#######   | 351/501 [05:04<02:00,  1.24it/s]
Per-symbol features:  70%|#######   | 352/501 [05:05<01:56,  1.28it/s]
Per-symbol features:  70%|#######   | 353/501 [05:06<02:00,  1.23it/s]
Per-symbol features:  71%|#######   | 354/501 [05:07<02:02,  1.20it/s]
Per-symbol features:  71%|#######   | 355/501 [05:08<02:06,  1.16it/s]
Per-symbol features:  71%|#######1  | 356/501 [05:08<02:06,  1.14it/s]
Per-symbol features:  71%|#######1  | 357/501 [05:09<02:05,  1.15it/s]
Per-symbol features:  71%|#######1  | 358/501 [05:10<02:04,  1.14it/s]
Per-symbol features:  72%|#######1  | 359/501 [05:11<02:06,  1.12it/s]
Per-symbol features:  72%|#######1  | 360/501 [05:12<02:07,  1.11it/s]
Per-symbol features:  72%|#######2  | 361/501 [05:13<02:04,  1.13it/s]
Per-symbol features:  72%|#######2  | 362/501 [05:14<02:03,  1.13it/s]
Per-symbol features:  72%|#######2  | 363/501 [05:15<02:02,  1.13it/s]
Per-symbol features:  73%|#######2  | 364/501 [05:16<02:03,  1.11it/s]
Per-symbol features:  73%|#######2  | 365/501 [05:17<02:03,  1.10it/s]
Per-symbol features:  73%|#######3  | 366/501 [05:17<01:40,  1.35it/s]
Per-symbol features:  73%|#######3  | 367/501 [05:18<01:47,  1.25it/s]
Per-symbol features:  73%|#######3  | 368/501 [05:19<01:55,  1.16it/s]
Per-symbol features:  74%|#######3  | 369/501 [05:20<02:05,  1.05it/s]
Per-symbol features:  74%|#######3  | 370/501 [05:21<02:06,  1.03it/s]
Per-symbol features:  74%|#######4  | 371/501 [05:22<02:04,  1.04it/s]
Per-symbol features:  74%|#######4  | 372/501 [05:23<02:00,  1.07it/s]
Per-symbol features:  74%|#######4  | 373/501 [05:24<01:59,  1.07it/s]
Per-symbol features:  75%|#######4  | 374/501 [05:25<01:56,  1.09it/s]
Per-symbol features:  75%|#######4  | 375/501 [05:25<01:54,  1.10it/s]
Per-symbol features:  75%|#######5  | 376/501 [05:26<01:52,  1.11it/s]
Per-symbol features:  75%|#######5  | 377/501 [05:27<01:53,  1.09it/s]
Per-symbol features:  75%|#######5  | 378/501 [05:28<01:48,  1.13it/s]
Per-symbol features:  76%|#######5  | 379/501 [05:29<01:48,  1.12it/s]
Per-symbol features:  76%|#######5  | 380/501 [05:30<02:06,  1.05s/it]
Per-symbol features:  76%|#######6  | 381/501 [05:31<01:51,  1.07it/s]
Per-symbol features:  76%|#######6  | 383/501 [05:32<01:26,  1.36it/s]
Per-symbol features:  77%|#######6  | 384/501 [05:33<01:29,  1.30it/s]
Per-symbol features:  77%|#######6  | 385/501 [05:34<01:33,  1.24it/s]
Per-symbol features:  77%|#######7  | 386/501 [05:35<01:35,  1.20it/s]
Per-symbol features:  77%|#######7  | 387/501 [05:36<01:39,  1.15it/s]
Per-symbol features:  77%|#######7  | 388/501 [05:37<01:41,  1.11it/s]
Per-symbol features:  78%|#######7  | 389/501 [05:38<01:48,  1.03it/s]
Per-symbol features:  78%|#######7  | 390/501 [05:39<01:51,  1.01s/it]
Per-symbol features:  78%|#######8  | 391/501 [05:40<01:53,  1.04s/it]
Per-symbol features:  78%|#######8  | 392/501 [05:41<01:48,  1.01it/s]
Per-symbol features:  78%|#######8  | 393/501 [05:42<01:44,  1.04it/s]
Per-symbol features:  79%|#######8  | 394/501 [05:43<01:41,  1.06it/s]
Per-symbol features:  79%|#######8  | 395/501 [05:44<01:40,  1.05it/s]
Per-symbol features:  79%|#######9  | 396/501 [05:45<01:38,  1.07it/s]
Per-symbol features:  79%|#######9  | 397/501 [05:46<01:38,  1.05it/s]
Per-symbol features:  79%|#######9  | 398/501 [05:47<01:35,  1.08it/s]
Per-symbol features:  80%|#######9  | 399/501 [05:47<01:34,  1.08it/s]
Per-symbol features:  80%|#######9  | 400/501 [05:48<01:37,  1.03it/s]
Per-symbol features:  80%|########  | 401/501 [05:50<01:38,  1.02it/s]
Per-symbol features:  80%|########  | 402/501 [05:51<01:38,  1.00it/s]
Per-symbol features:  80%|########  | 403/501 [05:52<01:36,  1.01it/s]
Per-symbol features:  81%|########  | 404/501 [05:52<01:33,  1.04it/s]
Per-symbol features:  81%|########  | 405/501 [05:53<01:30,  1.06it/s]
Per-symbol features:  81%|########1 | 406/501 [05:54<01:28,  1.08it/s]
Per-symbol features:  81%|########1 | 408/501 [05:55<01:08,  1.36it/s]
Per-symbol features:  82%|########1 | 409/501 [05:56<01:11,  1.28it/s]
Per-symbol features:  82%|########1 | 410/501 [05:56<00:55,  1.65it/s]
Per-symbol features:  82%|########2 | 411/501 [05:57<01:01,  1.47it/s]
Per-symbol features:  82%|########2 | 412/501 [05:58<01:06,  1.35it/s]
Per-symbol features:  82%|########2 | 413/501 [05:59<01:09,  1.27it/s]
Per-symbol features:  83%|########2 | 414/501 [06:00<01:12,  1.19it/s]
Per-symbol features:  83%|########2 | 415/501 [06:01<01:15,  1.14it/s]
Per-symbol features:  83%|########3 | 416/501 [06:02<01:15,  1.13it/s]
Per-symbol features:  83%|########3 | 417/501 [06:03<01:14,  1.13it/s]
Per-symbol features:  83%|########3 | 418/501 [06:04<01:15,  1.10it/s]
Per-symbol features:  84%|########3 | 419/501 [06:05<01:14,  1.11it/s]
Per-symbol features:  84%|########3 | 420/501 [06:05<01:13,  1.11it/s]
Per-symbol features:  84%|########4 | 421/501 [06:06<01:12,  1.11it/s]
Per-symbol features:  84%|########4 | 422/501 [06:07<01:06,  1.19it/s]
Per-symbol features:  84%|########4 | 423/501 [06:08<01:07,  1.15it/s]
Per-symbol features:  85%|########4 | 424/501 [06:09<01:07,  1.14it/s]
Per-symbol features:  85%|########4 | 425/501 [06:10<01:07,  1.13it/s]
Per-symbol features:  85%|########5 | 426/501 [06:11<01:06,  1.13it/s]
Per-symbol features:  85%|########5 | 427/501 [06:12<01:06,  1.11it/s]
Per-symbol features:  85%|########5 | 428/501 [06:13<01:07,  1.09it/s]
Per-symbol features:  86%|########5 | 429/501 [06:13<01:04,  1.11it/s]
Per-symbol features:  86%|########5 | 430/501 [06:15<01:08,  1.03it/s]
Per-symbol features:  86%|########6 | 431/501 [06:16<01:08,  1.02it/s]
Per-symbol features:  86%|########6 | 432/501 [06:16<01:06,  1.04it/s]
Per-symbol features:  86%|########6 | 433/501 [06:17<01:03,  1.07it/s]
Per-symbol features:  87%|########6 | 434/501 [06:18<01:03,  1.05it/s]
Per-symbol features:  87%|########6 | 435/501 [06:19<01:05,  1.01it/s]
Per-symbol features:  87%|########7 | 436/501 [06:21<01:09,  1.06s/it]
Per-symbol features:  87%|########7 | 437/501 [06:22<01:05,  1.02s/it]
Per-symbol features:  87%|########7 | 438/501 [06:22<01:01,  1.02it/s]
Per-symbol features:  88%|########7 | 439/501 [06:23<00:59,  1.04it/s]
Per-symbol features:  88%|########7 | 440/501 [06:24<00:56,  1.07it/s]
Per-symbol features:  88%|########8 | 441/501 [06:25<00:54,  1.10it/s]
Per-symbol features:  88%|########8 | 442/501 [06:26<00:53,  1.11it/s]
Per-symbol features:  88%|########8 | 443/501 [06:27<00:52,  1.11it/s]
Per-symbol features:  89%|########8 | 444/501 [06:28<00:51,  1.10it/s]
Per-symbol features:  89%|########8 | 445/501 [06:29<00:49,  1.12it/s]
Per-symbol features:  89%|########9 | 446/501 [06:30<00:56,  1.03s/it]
Per-symbol features:  89%|########9 | 447/501 [06:31<00:56,  1.05s/it]
Per-symbol features:  89%|########9 | 448/501 [06:32<00:47,  1.11it/s]
Per-symbol features:  90%|########9 | 449/501 [06:33<00:47,  1.10it/s]
Per-symbol features:  90%|########9 | 450/501 [06:33<00:45,  1.11it/s]
Per-symbol features:  90%|######### | 451/501 [06:34<00:44,  1.12it/s]
Per-symbol features:  90%|######### | 452/501 [06:35<00:44,  1.10it/s]
Per-symbol features:  90%|######### | 453/501 [06:36<00:46,  1.04it/s]
Per-symbol features:  91%|######### | 454/501 [06:37<00:37,  1.25it/s]
Per-symbol features:  91%|######### | 455/501 [06:38<00:38,  1.21it/s]
Per-symbol features:  91%|#########1| 456/501 [06:39<00:38,  1.18it/s]
Per-symbol features:  91%|#########1| 457/501 [06:40<00:38,  1.15it/s]
Per-symbol features:  91%|#########1| 458/501 [06:41<00:39,  1.10it/s]
Per-symbol features:  92%|#########1| 459/501 [06:41<00:37,  1.12it/s]
Per-symbol features:  92%|#########1| 460/501 [06:42<00:36,  1.12it/s]
Per-symbol features:  92%|#########2| 461/501 [06:43<00:36,  1.10it/s]
Per-symbol features:  92%|#########2| 462/501 [06:44<00:36,  1.08it/s]
Per-symbol features:  92%|#########2| 463/501 [06:45<00:34,  1.11it/s]
Per-symbol features:  93%|#########2| 464/501 [06:46<00:31,  1.19it/s]
Per-symbol features:  93%|#########2| 465/501 [06:46<00:25,  1.39it/s]
Per-symbol features:  93%|#########3| 466/501 [06:47<00:27,  1.29it/s]
Per-symbol features:  93%|#########3| 467/501 [06:47<00:19,  1.71it/s]
Per-symbol features:  93%|#########3| 468/501 [06:48<00:23,  1.40it/s]
Per-symbol features:  94%|#########3| 469/501 [06:49<00:25,  1.24it/s]
Per-symbol features:  94%|#########3| 470/501 [06:50<00:27,  1.11it/s]
Per-symbol features:  94%|#########4| 471/501 [06:51<00:23,  1.29it/s]
Per-symbol features:  94%|#########4| 472/501 [06:52<00:23,  1.21it/s]
Per-symbol features:  94%|#########4| 473/501 [06:52<00:20,  1.35it/s]
Per-symbol features:  95%|#########4| 474/501 [06:53<00:20,  1.29it/s]
Per-symbol features:  95%|#########4| 475/501 [06:54<00:20,  1.24it/s]
Per-symbol features:  95%|#########5| 476/501 [06:55<00:20,  1.19it/s]
Per-symbol features:  95%|#########5| 477/501 [06:56<00:20,  1.15it/s]
Per-symbol features:  95%|#########5| 478/501 [06:57<00:20,  1.12it/s]
Per-symbol features:  96%|#########5| 479/501 [06:58<00:19,  1.12it/s]
Per-symbol features:  96%|#########5| 480/501 [06:58<00:17,  1.18it/s]
Per-symbol features:  96%|#########6| 481/501 [06:59<00:17,  1.13it/s]
Per-symbol features:  96%|#########6| 482/501 [07:00<00:16,  1.13it/s]
Per-symbol features:  96%|#########6| 483/501 [07:01<00:16,  1.12it/s]
Per-symbol features:  97%|#########6| 484/501 [07:02<00:15,  1.12it/s]
Per-symbol features:  97%|#########6| 485/501 [07:03<00:14,  1.11it/s]
Per-symbol features:  97%|#########7| 486/501 [07:04<00:13,  1.11it/s]
Per-symbol features:  97%|#########7| 487/501 [07:05<00:12,  1.11it/s]
Per-symbol features:  97%|#########7| 488/501 [07:06<00:11,  1.12it/s]
Per-symbol features:  98%|#########7| 489/501 [07:07<00:10,  1.12it/s]
Per-symbol features:  98%|#########7| 490/501 [07:08<00:09,  1.11it/s]
Per-symbol features:  98%|#########8| 491/501 [07:08<00:08,  1.11it/s]
Per-symbol features:  98%|#########8| 492/501 [07:09<00:08,  1.10it/s]
Per-symbol features:  98%|#########8| 493/501 [07:10<00:07,  1.10it/s]
Per-symbol features:  99%|#########8| 494/501 [07:11<00:06,  1.10it/s]
Per-symbol features:  99%|#########8| 495/501 [07:12<00:05,  1.10it/s]
Per-symbol features:  99%|#########9| 496/501 [07:13<00:04,  1.16it/s]
Per-symbol features:  99%|#########9| 497/501 [07:13<00:03,  1.29it/s]
Per-symbol features:  99%|#########9| 498/501 [07:14<00:02,  1.24it/s]
Per-symbol features: 100%|#########9| 499/501 [07:15<00:01,  1.19it/s]
Per-symbol features: 100%|#########9| 500/501 [07:16<00:00,  1.15it/s]
Per-symbol features: 100%|##########| 501/501 [07:17<00:00,  1.23it/s]
Per-symbol features: 100%|##########| 501/501 [07:17<00:00,  1.15it/s]

  Output shape: (1939917, 31)
  Columns: ['timestamp', 'open', 'high', 'low', 'close', 'volume', 'symbol', 'ret_1d', 'logret_1d', 'ret_5d', 'logret_5d', 'ret_20d', 'logret_20d', 'ret_60d', 'logret_60d', 'ret_120d', 'logret_120d', 'vol_20d', 'vol_60d', 'dollar_volume', 'dollar_volume_20d_mean', 'volume_zscore_20d', 'kalman_logprice', 'kalman_deviation', 'vol_regime_z', 'spectral_low_freq_ratio', 'ret_5d_xs_rank', 'ret_20d_xs_rank', 'ret_60d_xs_rank', 'ret_120d_xs_rank', 'vol_20d_xs_rank']

  Saved to: C:\Users\nanas\Downloads\stocks\trading-system\data\features.parquet (374.0 MB)

--- SAMPLE: last 3 rows of AAPL ---
 timestamp      close  ret_20d  ret_60d  vol_20d  kalman_deviation  vol_regime_z  spectral_low_freq_ratio  ret_20d_xs_rank  ret_60d_xs_rank
2026-05-08 293.050018 0.126075 0.064682 0.261720          0.065656      0.528625                 0.115666         0.834331         0.726547
2026-05-11 292.679993 0.130207 0.119282 0.260021          0.058268      0.515420                 0.131243         0.854291         0.776447
2026-05-12 294.799988 0.140021 0.153615 0.258499          0.059256      0.500406                 0.141396         0.872255         0.830339

--- NULL RATES (top 10 worst) ---
vol_regime_z               0.069918
ret_120d                   0.030991
ret_120d_xs_rank           0.030991
logret_120d                0.030991
spectral_low_freq_ratio    0.015513
logret_60d                 0.015496
ret_60d                    0.015496
ret_60d_xs_rank            0.015496
vol_60d                    0.015496
vol_20d                    0.005165

  (High null rates at the top are expected: long-horizon features
   need 120+ days of history; DSP features need 252+ days.)
