Loading bars from C:\Users\nanas\Downloads\stocks\trading-system\data_eu\bars_daily

Loading bars:   0%|          | 0/331 [00:00<?, ?it/s]
Loading bars:   1%|          | 3/331 [00:00<00:11, 28.72it/s]
Loading bars:   2%|2         | 8/331 [00:00<00:08, 39.00it/s]
Loading bars:   4%|3         | 13/331 [00:00<00:07, 42.70it/s]
Loading bars:   6%|6         | 20/331 [00:00<00:05, 52.98it/s]
Loading bars:   8%|8         | 27/331 [00:00<00:05, 58.81it/s]
Loading bars:  10%|#         | 34/331 [00:00<00:04, 60.66it/s]
Loading bars:  12%|#2        | 41/331 [00:00<00:05, 55.57it/s]
Loading bars:  14%|#4        | 47/331 [00:00<00:05, 53.25it/s]
Loading bars:  16%|#6        | 54/331 [00:01<00:04, 57.11it/s]
Loading bars:  18%|#8        | 60/331 [00:01<00:04, 56.69it/s]
Loading bars:  20%|#9        | 66/331 [00:01<00:04, 55.19it/s]
Loading bars:  22%|##2       | 74/331 [00:01<00:04, 58.56it/s]
Loading bars:  25%|##4       | 82/331 [00:01<00:03, 63.56it/s]
Loading bars:  27%|##6       | 89/331 [00:01<00:03, 62.31it/s]
Loading bars:  29%|##9       | 96/331 [00:01<00:03, 61.97it/s]
Loading bars:  31%|###1      | 104/331 [00:01<00:03, 65.55it/s]
Loading bars:  34%|###3      | 112/331 [00:01<00:03, 69.02it/s]
Loading bars:  36%|###5      | 119/331 [00:02<00:03, 66.14it/s]
Loading bars:  38%|###8      | 126/331 [00:02<00:03, 65.53it/s]
Loading bars:  40%|####      | 133/331 [00:02<00:03, 60.29it/s]
Loading bars:  42%|####2     | 140/331 [00:02<00:03, 55.95it/s]
Loading bars:  44%|####4     | 146/331 [00:02<00:03, 51.63it/s]
Loading bars:  46%|####5     | 152/331 [00:02<00:03, 48.85it/s]
Loading bars:  48%|####7     | 158/331 [00:02<00:03, 49.93it/s]
Loading bars:  50%|####9     | 164/331 [00:02<00:03, 50.35it/s]
Loading bars:  51%|#####1    | 170/331 [00:03<00:03, 48.29it/s]
Loading bars:  53%|#####2    | 175/331 [00:03<00:03, 47.59it/s]
Loading bars:  56%|#####5    | 184/331 [00:03<00:02, 56.43it/s]
Loading bars:  58%|#####8    | 192/331 [00:03<00:02, 62.50it/s]
Loading bars:  60%|######    | 200/331 [00:03<00:02, 65.13it/s]
Loading bars:  63%|######2   | 207/331 [00:03<00:01, 63.24it/s]
Loading bars:  65%|######4   | 215/331 [00:03<00:01, 66.83it/s]
Loading bars:  67%|######7   | 222/331 [00:03<00:01, 62.92it/s]
Loading bars:  69%|######9   | 229/331 [00:03<00:01, 63.86it/s]
Loading bars:  72%|#######1  | 237/331 [00:04<00:01, 66.94it/s]
Loading bars:  74%|#######4  | 245/331 [00:04<00:01, 69.70it/s]
Loading bars:  76%|#######6  | 253/331 [00:04<00:01, 58.25it/s]
Loading bars:  79%|#######8  | 260/331 [00:04<00:01, 57.66it/s]
Loading bars:  81%|########  | 267/331 [00:04<00:01, 53.73it/s]
Loading bars:  82%|########2 | 273/331 [00:04<00:01, 45.16it/s]
Loading bars:  84%|########3 | 278/331 [00:04<00:01, 42.25it/s]
Loading bars:  86%|########6 | 285/331 [00:05<00:01, 43.82it/s]
Loading bars:  88%|########8 | 292/331 [00:05<00:00, 47.71it/s]
Loading bars:  90%|######### | 298/331 [00:05<00:00, 49.37it/s]
Loading bars:  92%|#########1| 304/331 [00:05<00:00, 48.44it/s]
Loading bars:  93%|#########3| 309/331 [00:05<00:00, 47.19it/s]
Loading bars:  95%|#########4| 314/331 [00:05<00:00, 42.42it/s]
Loading bars:  97%|#########6| 320/331 [00:05<00:00, 45.41it/s]
Loading bars:  98%|#########8| 326/331 [00:05<00:00, 48.91it/s]
Loading bars: 100%|##########| 331/331 [00:06<00:00, 54.81it/s]
  Loaded: 1,137,910 rows, 331 symbols
  Date range: 2012-01-02 to 2026-05-13

Computing features...

Per-symbol features:   0%|          | 0/331 [00:00<?, ?it/s]
Per-symbol features:   0%|          | 1/331 [00:00<02:56,  1.87it/s]
Per-symbol features:   1%|          | 2/331 [00:01<04:04,  1.35it/s]
Per-symbol features:   1%|          | 3/331 [00:02<04:35,  1.19it/s]
Per-symbol features:   1%|1         | 4/331 [00:03<04:34,  1.19it/s]
Per-symbol features:   2%|1         | 5/331 [00:04<04:40,  1.16it/s]
Per-symbol features:   2%|1         | 6/331 [00:04<04:16,  1.27it/s]
Per-symbol features:   2%|2         | 7/331 [00:05<04:23,  1.23it/s]
Per-symbol features:   2%|2         | 8/331 [00:06<04:29,  1.20it/s]
Per-symbol features:   3%|2         | 9/331 [00:07<04:28,  1.20it/s]
Per-symbol features:   3%|3         | 10/331 [00:08<04:18,  1.24it/s]
Per-symbol features:   3%|3         | 11/331 [00:08<04:13,  1.26it/s]
Per-symbol features:   4%|3         | 12/331 [00:09<04:13,  1.26it/s]
Per-symbol features:   4%|3         | 13/331 [00:10<03:34,  1.48it/s]
Per-symbol features:   4%|4         | 14/331 [00:10<03:25,  1.55it/s]
Per-symbol features:   5%|4         | 15/331 [00:11<03:31,  1.49it/s]
Per-symbol features:   5%|4         | 16/331 [00:12<03:38,  1.44it/s]
Per-symbol features:   5%|5         | 17/331 [00:12<03:44,  1.40it/s]
Per-symbol features:   5%|5         | 18/331 [00:13<03:45,  1.39it/s]
Per-symbol features:   6%|5         | 19/331 [00:14<03:46,  1.37it/s]
Per-symbol features:   6%|6         | 20/331 [00:15<03:47,  1.37it/s]
Per-symbol features:   6%|6         | 21/331 [00:15<03:56,  1.31it/s]
Per-symbol features:   7%|6         | 22/331 [00:16<03:26,  1.50it/s]
Per-symbol features:   7%|6         | 23/331 [00:17<03:34,  1.44it/s]
Per-symbol features:   7%|7         | 24/331 [00:17<03:37,  1.41it/s]
Per-symbol features:   8%|7         | 25/331 [00:18<03:38,  1.40it/s]
Per-symbol features:   8%|7         | 26/331 [00:18<03:07,  1.62it/s]
Per-symbol features:   8%|8         | 27/331 [00:19<03:17,  1.54it/s]
Per-symbol features:   8%|8         | 28/331 [00:19<02:40,  1.89it/s]
Per-symbol features:   9%|8         | 29/331 [00:20<03:01,  1.66it/s]
Per-symbol features:   9%|9         | 30/331 [00:21<03:14,  1.55it/s]
Per-symbol features:   9%|9         | 31/331 [00:22<03:07,  1.60it/s]
Per-symbol features:  10%|9         | 32/331 [00:22<03:14,  1.53it/s]
Per-symbol features:  10%|9         | 33/331 [00:23<02:36,  1.90it/s]
Per-symbol features:  10%|#         | 34/331 [00:23<02:55,  1.70it/s]
Per-symbol features:  11%|#         | 35/331 [00:24<03:07,  1.58it/s]
Per-symbol features:  11%|#         | 36/331 [00:25<03:15,  1.51it/s]
Per-symbol features:  11%|#1        | 37/331 [00:25<03:20,  1.47it/s]
Per-symbol features:  11%|#1        | 38/331 [00:26<03:23,  1.44it/s]
Per-symbol features:  12%|#1        | 39/331 [00:27<03:26,  1.41it/s]
Per-symbol features:  12%|#2        | 40/331 [00:28<03:28,  1.39it/s]
Per-symbol features:  12%|#2        | 41/331 [00:28<03:33,  1.36it/s]
Per-symbol features:  13%|#2        | 42/331 [00:29<03:32,  1.36it/s]
Per-symbol features:  13%|#2        | 43/331 [00:30<03:31,  1.36it/s]
Per-symbol features:  13%|#3        | 44/331 [00:31<03:29,  1.37it/s]
Per-symbol features:  14%|#3        | 45/331 [00:31<03:28,  1.37it/s]
Per-symbol features:  14%|#3        | 46/331 [00:32<03:30,  1.36it/s]
Per-symbol features:  14%|#4        | 47/331 [00:33<03:30,  1.35it/s]
Per-symbol features:  15%|#4        | 48/331 [00:33<03:17,  1.43it/s]
Per-symbol features:  15%|#4        | 49/331 [00:34<03:19,  1.41it/s]
Per-symbol features:  15%|#5        | 50/331 [00:35<03:20,  1.40it/s]
Per-symbol features:  15%|#5        | 51/331 [00:36<03:22,  1.38it/s]
Per-symbol features:  16%|#5        | 52/331 [00:36<03:24,  1.36it/s]
Per-symbol features:  16%|#6        | 53/331 [00:37<03:23,  1.37it/s]
Per-symbol features:  16%|#6        | 54/331 [00:38<03:22,  1.37it/s]
Per-symbol features:  17%|#6        | 55/331 [00:39<03:22,  1.36it/s]
Per-symbol features:  17%|#6        | 56/331 [00:39<03:16,  1.40it/s]
Per-symbol features:  17%|#7        | 57/331 [00:40<03:18,  1.38it/s]
Per-symbol features:  18%|#7        | 58/331 [00:41<03:23,  1.34it/s]
Per-symbol features:  18%|#7        | 59/331 [00:42<03:21,  1.35it/s]
Per-symbol features:  18%|#8        | 60/331 [00:42<03:19,  1.36it/s]
Per-symbol features:  18%|#8        | 61/331 [00:43<03:16,  1.37it/s]
Per-symbol features:  19%|#8        | 62/331 [00:44<03:17,  1.37it/s]
Per-symbol features:  19%|#9        | 63/331 [00:44<03:18,  1.35it/s]
Per-symbol features:  19%|#9        | 64/331 [00:45<03:20,  1.33it/s]
Per-symbol features:  20%|#9        | 65/331 [00:46<03:21,  1.32it/s]
Per-symbol features:  20%|#9        | 66/331 [00:47<03:17,  1.34it/s]
Per-symbol features:  20%|##        | 67/331 [00:47<03:16,  1.34it/s]
Per-symbol features:  21%|##        | 68/331 [00:48<03:16,  1.34it/s]
Per-symbol features:  21%|##        | 69/331 [00:49<03:13,  1.35it/s]
Per-symbol features:  21%|##1       | 70/331 [00:50<03:11,  1.36it/s]
Per-symbol features:  21%|##1       | 71/331 [00:50<03:10,  1.37it/s]
Per-symbol features:  22%|##1       | 72/331 [00:51<03:09,  1.37it/s]
Per-symbol features:  22%|##2       | 73/331 [00:52<02:50,  1.52it/s]
Per-symbol features:  22%|##2       | 74/331 [00:52<02:57,  1.45it/s]
Per-symbol features:  23%|##2       | 75/331 [00:53<02:59,  1.43it/s]
Per-symbol features:  23%|##2       | 76/331 [00:54<03:00,  1.41it/s]
Per-symbol features:  23%|##3       | 77/331 [00:55<03:08,  1.35it/s]
Per-symbol features:  24%|##3       | 78/331 [00:55<03:11,  1.32it/s]
Per-symbol features:  24%|##3       | 79/331 [00:56<02:48,  1.49it/s]
Per-symbol features:  24%|##4       | 80/331 [00:57<02:52,  1.46it/s]
Per-symbol features:  24%|##4       | 81/331 [00:57<02:39,  1.56it/s]
Per-symbol features:  25%|##4       | 82/331 [00:58<02:46,  1.50it/s]
Per-symbol features:  25%|##5       | 83/331 [00:59<02:49,  1.46it/s]
Per-symbol features:  25%|##5       | 84/331 [00:59<02:37,  1.56it/s]
Per-symbol features:  26%|##5       | 85/331 [01:00<02:49,  1.45it/s]
Per-symbol features:  26%|##5       | 86/331 [01:01<02:57,  1.38it/s]
Per-symbol features:  26%|##6       | 87/331 [01:01<02:21,  1.72it/s]
Per-symbol features:  27%|##6       | 88/331 [01:02<02:43,  1.49it/s]
Per-symbol features:  27%|##6       | 89/331 [01:03<02:46,  1.45it/s]
Per-symbol features:  27%|##7       | 90/331 [01:03<02:49,  1.42it/s]
Per-symbol features:  27%|##7       | 91/331 [01:04<02:53,  1.38it/s]
Per-symbol features:  28%|##7       | 92/331 [01:05<02:31,  1.58it/s]
Per-symbol features:  28%|##8       | 93/331 [01:05<02:37,  1.51it/s]
Per-symbol features:  28%|##8       | 94/331 [01:06<02:40,  1.47it/s]
Per-symbol features:  29%|##8       | 95/331 [01:07<02:47,  1.41it/s]
Per-symbol features:  29%|##9       | 96/331 [01:08<02:48,  1.39it/s]
Per-symbol features:  29%|##9       | 97/331 [01:08<02:52,  1.36it/s]
Per-symbol features:  30%|##9       | 98/331 [01:09<02:51,  1.36it/s]
Per-symbol features:  30%|##9       | 99/331 [01:10<02:50,  1.36it/s]
Per-symbol features:  30%|###       | 100/331 [01:11<02:49,  1.36it/s]
Per-symbol features:  31%|###       | 101/331 [01:11<02:47,  1.37it/s]
Per-symbol features:  31%|###       | 102/331 [01:12<02:43,  1.40it/s]
Per-symbol features:  31%|###1      | 103/331 [01:13<02:44,  1.39it/s]
Per-symbol features:  31%|###1      | 104/331 [01:13<02:07,  1.78it/s]
Per-symbol features:  32%|###1      | 105/331 [01:14<02:17,  1.64it/s]
Per-symbol features:  32%|###2      | 106/331 [01:14<02:26,  1.53it/s]
Per-symbol features:  32%|###2      | 107/331 [01:14<01:52,  1.99it/s]
Per-symbol features:  33%|###2      | 108/331 [01:15<01:56,  1.92it/s]
Per-symbol features:  33%|###2      | 109/331 [01:16<02:17,  1.61it/s]
Per-symbol features:  33%|###3      | 110/331 [01:17<02:25,  1.51it/s]
Per-symbol features:  34%|###3      | 111/331 [01:17<02:29,  1.47it/s]
Per-symbol features:  34%|###3      | 112/331 [01:18<02:32,  1.43it/s]
Per-symbol features:  34%|###4      | 113/331 [01:19<02:33,  1.42it/s]
Per-symbol features:  34%|###4      | 114/331 [01:20<02:35,  1.40it/s]
Per-symbol features:  35%|###4      | 115/331 [01:20<02:37,  1.37it/s]
Per-symbol features:  35%|###5      | 116/331 [01:21<02:24,  1.49it/s]
Per-symbol features:  35%|###5      | 117/331 [01:21<02:10,  1.64it/s]
Per-symbol features:  36%|###5      | 118/331 [01:22<02:17,  1.55it/s]
Per-symbol features:  36%|###5      | 119/331 [01:23<02:21,  1.50it/s]
Per-symbol features:  36%|###6      | 120/331 [01:23<02:24,  1.46it/s]
Per-symbol features:  37%|###6      | 121/331 [01:24<02:28,  1.41it/s]
Per-symbol features:  37%|###6      | 122/331 [01:25<02:29,  1.39it/s]
Per-symbol features:  37%|###7      | 123/331 [01:26<02:30,  1.38it/s]
Per-symbol features:  37%|###7      | 124/331 [01:26<02:29,  1.38it/s]
Per-symbol features:  38%|###7      | 125/331 [01:27<02:30,  1.37it/s]
Per-symbol features:  38%|###8      | 126/331 [01:28<02:30,  1.37it/s]
Per-symbol features:  38%|###8      | 127/331 [01:29<02:29,  1.36it/s]
Per-symbol features:  39%|###8      | 128/331 [01:29<02:29,  1.36it/s]
Per-symbol features:  39%|###8      | 129/331 [01:30<02:28,  1.36it/s]
Per-symbol features:  39%|###9      | 130/331 [01:31<02:26,  1.37it/s]
Per-symbol features:  40%|###9      | 131/331 [01:32<02:26,  1.37it/s]
Per-symbol features:  40%|###9      | 132/331 [01:32<02:26,  1.35it/s]
Per-symbol features:  40%|####      | 133/331 [01:33<02:26,  1.36it/s]
Per-symbol features:  40%|####      | 134/331 [01:34<02:25,  1.36it/s]
Per-symbol features:  41%|####      | 135/331 [01:35<02:22,  1.37it/s]
Per-symbol features:  41%|####1     | 136/331 [01:35<02:22,  1.36it/s]
Per-symbol features:  41%|####1     | 137/331 [01:36<02:23,  1.35it/s]
Per-symbol features:  42%|####1     | 138/331 [01:37<02:23,  1.35it/s]
Per-symbol features:  42%|####1     | 139/331 [01:38<02:22,  1.35it/s]
Per-symbol features:  42%|####2     | 140/331 [01:38<02:20,  1.36it/s]
Per-symbol features:  43%|####2     | 141/331 [01:39<02:21,  1.34it/s]
Per-symbol features:  43%|####2     | 142/331 [01:40<02:20,  1.34it/s]
Per-symbol features:  43%|####3     | 143/331 [01:41<02:20,  1.34it/s]
Per-symbol features:  44%|####3     | 144/331 [01:41<02:21,  1.33it/s]
Per-symbol features:  44%|####3     | 145/331 [01:42<02:19,  1.34it/s]
Per-symbol features:  44%|####4     | 146/331 [01:43<02:16,  1.35it/s]
Per-symbol features:  44%|####4     | 147/331 [01:43<02:15,  1.36it/s]
Per-symbol features:  45%|####4     | 148/331 [01:44<02:16,  1.34it/s]
Per-symbol features:  45%|####5     | 149/331 [01:45<02:16,  1.33it/s]
Per-symbol features:  45%|####5     | 150/331 [01:46<02:28,  1.22it/s]
Per-symbol features:  46%|####5     | 151/331 [01:47<02:25,  1.24it/s]
Per-symbol features:  46%|####5     | 152/331 [01:48<02:22,  1.26it/s]
Per-symbol features:  46%|####6     | 153/331 [01:48<02:19,  1.27it/s]
Per-symbol features:  47%|####6     | 154/331 [01:49<02:16,  1.30it/s]
Per-symbol features:  47%|####6     | 155/331 [01:50<02:13,  1.32it/s]
Per-symbol features:  47%|####7     | 156/331 [01:50<02:11,  1.33it/s]
Per-symbol features:  47%|####7     | 157/331 [01:51<02:10,  1.33it/s]
Per-symbol features:  48%|####7     | 158/331 [01:52<02:10,  1.33it/s]
Per-symbol features:  48%|####8     | 159/331 [01:53<02:10,  1.32it/s]
Per-symbol features:  48%|####8     | 160/331 [01:53<02:07,  1.34it/s]
Per-symbol features:  49%|####8     | 161/331 [01:54<02:06,  1.34it/s]
Per-symbol features:  49%|####8     | 162/331 [01:55<02:05,  1.34it/s]
Per-symbol features:  49%|####9     | 163/331 [01:56<02:04,  1.34it/s]
Per-symbol features:  50%|####9     | 164/331 [01:56<02:04,  1.34it/s]
Per-symbol features:  50%|####9     | 165/331 [01:57<01:59,  1.39it/s]
Per-symbol features:  50%|#####     | 166/331 [01:58<01:59,  1.38it/s]
Per-symbol features:  50%|#####     | 167/331 [01:59<01:59,  1.38it/s]
Per-symbol features:  51%|#####     | 168/331 [01:59<01:48,  1.51it/s]
Per-symbol features:  51%|#####1    | 169/331 [02:00<01:51,  1.45it/s]
Per-symbol features:  51%|#####1    | 170/331 [02:01<01:53,  1.42it/s]
Per-symbol features:  52%|#####1    | 171/331 [02:01<01:53,  1.41it/s]
Per-symbol features:  52%|#####1    | 172/331 [02:02<01:53,  1.40it/s]
Per-symbol features:  52%|#####2    | 173/331 [02:03<01:53,  1.39it/s]
Per-symbol features:  53%|#####2    | 174/331 [02:04<01:54,  1.38it/s]
Per-symbol features:  53%|#####2    | 175/331 [02:04<01:54,  1.37it/s]
Per-symbol features:  53%|#####3    | 176/331 [02:05<01:53,  1.36it/s]
Per-symbol features:  53%|#####3    | 177/331 [02:06<01:52,  1.37it/s]
Per-symbol features:  54%|#####3    | 178/331 [02:06<01:51,  1.37it/s]
Per-symbol features:  54%|#####4    | 179/331 [02:07<01:52,  1.36it/s]
Per-symbol features:  54%|#####4    | 180/331 [02:08<01:52,  1.34it/s]
Per-symbol features:  55%|#####4    | 181/331 [02:09<01:52,  1.33it/s]
Per-symbol features:  55%|#####4    | 182/331 [02:10<01:58,  1.25it/s]
Per-symbol features:  55%|#####5    | 183/331 [02:10<01:54,  1.29it/s]
Per-symbol features:  56%|#####5    | 184/331 [02:11<01:52,  1.31it/s]
Per-symbol features:  56%|#####5    | 185/331 [02:12<01:50,  1.32it/s]
Per-symbol features:  56%|#####6    | 186/331 [02:12<01:31,  1.58it/s]
Per-symbol features:  56%|#####6    | 187/331 [02:13<01:31,  1.58it/s]
Per-symbol features:  57%|#####6    | 188/331 [02:14<01:34,  1.51it/s]
Per-symbol features:  57%|#####7    | 189/331 [02:14<01:31,  1.55it/s]
Per-symbol features:  57%|#####7    | 190/331 [02:15<01:38,  1.44it/s]
Per-symbol features:  58%|#####7    | 191/331 [02:16<01:44,  1.34it/s]
Per-symbol features:  58%|#####8    | 192/331 [02:17<01:50,  1.26it/s]
Per-symbol features:  58%|#####8    | 193/331 [02:18<01:53,  1.22it/s]
Per-symbol features:  59%|#####8    | 194/331 [02:18<01:49,  1.25it/s]
Per-symbol features:  59%|#####8    | 195/331 [02:19<01:30,  1.50it/s]
Per-symbol features:  59%|#####9    | 196/331 [02:19<01:32,  1.46it/s]
Per-symbol features:  60%|#####9    | 197/331 [02:20<01:34,  1.42it/s]
Per-symbol features:  60%|#####9    | 198/331 [02:21<01:30,  1.47it/s]
Per-symbol features:  60%|######    | 199/331 [02:22<01:31,  1.45it/s]
Per-symbol features:  60%|######    | 200/331 [02:22<01:32,  1.42it/s]
Per-symbol features:  61%|######    | 201/331 [02:23<01:31,  1.41it/s]
Per-symbol features:  61%|######1   | 202/331 [02:24<01:32,  1.40it/s]
Per-symbol features:  61%|######1   | 203/331 [02:25<01:38,  1.31it/s]
Per-symbol features:  62%|######1   | 204/331 [02:26<01:43,  1.23it/s]
Per-symbol features:  62%|######1   | 205/331 [02:26<01:40,  1.26it/s]
Per-symbol features:  62%|######2   | 206/331 [02:27<01:36,  1.29it/s]
Per-symbol features:  63%|######2   | 207/331 [02:28<01:34,  1.31it/s]
Per-symbol features:  63%|######2   | 208/331 [02:29<01:33,  1.31it/s]
Per-symbol features:  63%|######3   | 209/331 [02:29<01:32,  1.32it/s]
Per-symbol features:  63%|######3   | 210/331 [02:30<01:21,  1.48it/s]
Per-symbol features:  64%|######3   | 211/331 [02:30<01:03,  1.89it/s]
Per-symbol features:  64%|######4   | 212/331 [02:31<01:13,  1.63it/s]
Per-symbol features:  64%|######4   | 213/331 [02:31<01:11,  1.66it/s]
Per-symbol features:  65%|######4   | 214/331 [02:32<01:15,  1.55it/s]
Per-symbol features:  65%|######4   | 215/331 [02:33<01:07,  1.71it/s]
Per-symbol features:  65%|######5   | 216/331 [02:33<01:12,  1.59it/s]
Per-symbol features:  66%|######5   | 217/331 [02:34<01:14,  1.53it/s]
Per-symbol features:  66%|######5   | 218/331 [02:35<01:16,  1.48it/s]
Per-symbol features:  66%|######6   | 219/331 [02:35<01:17,  1.44it/s]
Per-symbol features:  66%|######6   | 220/331 [02:36<01:18,  1.41it/s]
Per-symbol features:  67%|######6   | 221/331 [02:37<01:18,  1.40it/s]
Per-symbol features:  67%|######7   | 222/331 [02:38<01:18,  1.39it/s]
Per-symbol features:  67%|######7   | 223/331 [02:38<01:11,  1.51it/s]
Per-symbol features:  68%|######7   | 224/331 [02:39<01:12,  1.47it/s]
Per-symbol features:  68%|######7   | 225/331 [02:39<01:03,  1.68it/s]
Per-symbol features:  68%|######8   | 226/331 [02:40<01:08,  1.53it/s]
Per-symbol features:  69%|######8   | 227/331 [02:41<01:10,  1.47it/s]
Per-symbol features:  69%|######8   | 228/331 [02:42<01:11,  1.44it/s]
Per-symbol features:  69%|######9   | 229/331 [02:42<01:11,  1.42it/s]
Per-symbol features:  69%|######9   | 230/331 [02:43<01:11,  1.40it/s]
Per-symbol features:  70%|######9   | 231/331 [02:44<01:14,  1.35it/s]
Per-symbol features:  70%|#######   | 232/331 [02:45<01:14,  1.33it/s]
Per-symbol features:  70%|#######   | 233/331 [02:45<01:15,  1.29it/s]
Per-symbol features:  71%|#######   | 234/331 [02:46<01:15,  1.28it/s]
Per-symbol features:  71%|#######   | 235/331 [02:47<01:14,  1.29it/s]
Per-symbol features:  71%|#######1  | 236/331 [02:48<01:12,  1.31it/s]
Per-symbol features:  72%|#######1  | 237/331 [02:48<01:11,  1.31it/s]
Per-symbol features:  72%|#######1  | 238/331 [02:49<01:10,  1.32it/s]
Per-symbol features:  72%|#######2  | 239/331 [02:50<01:08,  1.34it/s]
Per-symbol features:  73%|#######2  | 240/331 [02:51<01:07,  1.35it/s]
Per-symbol features:  73%|#######2  | 241/331 [02:51<01:06,  1.36it/s]
Per-symbol features:  73%|#######3  | 242/331 [02:52<01:06,  1.34it/s]
Per-symbol features:  73%|#######3  | 243/331 [02:53<01:05,  1.35it/s]
Per-symbol features:  74%|#######3  | 244/331 [02:54<01:04,  1.35it/s]
Per-symbol features:  74%|#######4  | 245/331 [02:54<01:04,  1.33it/s]
Per-symbol features:  74%|#######4  | 246/331 [02:55<01:03,  1.34it/s]
Per-symbol features:  75%|#######4  | 247/331 [02:56<01:03,  1.32it/s]
Per-symbol features:  75%|#######4  | 248/331 [02:57<01:04,  1.29it/s]
Per-symbol features:  75%|#######5  | 249/331 [02:57<01:02,  1.32it/s]
Per-symbol features:  76%|#######5  | 250/331 [02:58<01:00,  1.34it/s]
Per-symbol features:  76%|#######5  | 251/331 [02:59<00:59,  1.34it/s]
Per-symbol features:  76%|#######6  | 252/331 [03:00<01:00,  1.30it/s]
Per-symbol features:  76%|#######6  | 253/331 [03:00<00:55,  1.41it/s]
Per-symbol features:  77%|#######6  | 254/331 [03:01<00:54,  1.40it/s]
Per-symbol features:  77%|#######7  | 255/331 [03:01<00:40,  1.86it/s]
Per-symbol features:  77%|#######7  | 256/331 [03:02<00:44,  1.67it/s]
Per-symbol features:  78%|#######7  | 257/331 [03:03<00:47,  1.57it/s]
Per-symbol features:  78%|#######7  | 258/331 [03:03<00:48,  1.51it/s]
Per-symbol features:  78%|#######8  | 259/331 [03:04<00:49,  1.45it/s]
Per-symbol features:  79%|#######8  | 260/331 [03:05<00:49,  1.43it/s]
Per-symbol features:  79%|#######8  | 261/331 [03:06<00:49,  1.41it/s]
Per-symbol features:  79%|#######9  | 262/331 [03:06<00:48,  1.41it/s]
Per-symbol features:  79%|#######9  | 263/331 [03:07<00:49,  1.38it/s]
Per-symbol features:  80%|#######9  | 264/331 [03:08<00:48,  1.37it/s]
Per-symbol features:  80%|########  | 265/331 [03:09<00:49,  1.34it/s]
Per-symbol features:  80%|########  | 266/331 [03:09<00:48,  1.34it/s]
Per-symbol features:  81%|########  | 267/331 [03:10<00:47,  1.35it/s]
Per-symbol features:  81%|########  | 268/331 [03:11<00:46,  1.35it/s]
Per-symbol features:  81%|########1 | 269/331 [03:11<00:45,  1.36it/s]
Per-symbol features:  82%|########1 | 270/331 [03:12<00:45,  1.35it/s]
Per-symbol features:  82%|########1 | 271/331 [03:13<00:44,  1.35it/s]
Per-symbol features:  82%|########2 | 272/331 [03:14<00:43,  1.36it/s]
Per-symbol features:  82%|########2 | 273/331 [03:14<00:42,  1.36it/s]
Per-symbol features:  83%|########2 | 274/331 [03:15<00:42,  1.35it/s]
Per-symbol features:  83%|########3 | 275/331 [03:16<00:43,  1.29it/s]
Per-symbol features:  83%|########3 | 276/331 [03:17<00:42,  1.30it/s]
Per-symbol features:  84%|########3 | 277/331 [03:18<00:40,  1.32it/s]
Per-symbol features:  84%|########3 | 278/331 [03:18<00:39,  1.33it/s]
Per-symbol features:  84%|########4 | 279/331 [03:19<00:38,  1.35it/s]
Per-symbol features:  85%|########4 | 280/331 [03:20<00:37,  1.35it/s]
Per-symbol features:  85%|########4 | 281/331 [03:20<00:37,  1.34it/s]
Per-symbol features:  85%|########5 | 282/331 [03:21<00:36,  1.34it/s]
Per-symbol features:  85%|########5 | 283/331 [03:22<00:35,  1.35it/s]
Per-symbol features:  86%|########5 | 284/331 [03:23<00:35,  1.34it/s]
Per-symbol features:  86%|########6 | 285/331 [03:23<00:34,  1.35it/s]
Per-symbol features:  86%|########6 | 286/331 [03:24<00:33,  1.34it/s]
Per-symbol features:  87%|########6 | 287/331 [03:25<00:32,  1.35it/s]
Per-symbol features:  87%|########7 | 288/331 [03:26<00:31,  1.36it/s]
Per-symbol features:  87%|########7 | 289/331 [03:26<00:30,  1.37it/s]
Per-symbol features:  88%|########7 | 290/331 [03:27<00:29,  1.40it/s]
Per-symbol features:  88%|########7 | 291/331 [03:27<00:24,  1.65it/s]
Per-symbol features:  88%|########8 | 292/331 [03:28<00:25,  1.54it/s]
Per-symbol features:  89%|########8 | 293/331 [03:29<00:25,  1.48it/s]
Per-symbol features:  89%|########8 | 294/331 [03:30<00:25,  1.45it/s]
Per-symbol features:  89%|########9 | 295/331 [03:30<00:25,  1.43it/s]
Per-symbol features:  89%|########9 | 296/331 [03:31<00:24,  1.42it/s]
Per-symbol features:  90%|########9 | 297/331 [03:32<00:24,  1.38it/s]
Per-symbol features:  90%|######### | 298/331 [03:33<00:24,  1.37it/s]
Per-symbol features:  90%|######### | 299/331 [03:33<00:23,  1.37it/s]
Per-symbol features:  91%|######### | 300/331 [03:34<00:22,  1.38it/s]
Per-symbol features:  91%|######### | 301/331 [03:35<00:21,  1.38it/s]
Per-symbol features:  91%|#########1| 302/331 [03:35<00:16,  1.73it/s]
Per-symbol features:  92%|#########1| 303/331 [03:36<00:18,  1.56it/s]
Per-symbol features:  92%|#########1| 304/331 [03:36<00:18,  1.48it/s]
Per-symbol features:  92%|#########2| 305/331 [03:37<00:13,  1.93it/s]
Per-symbol features:  92%|#########2| 306/331 [03:37<00:14,  1.72it/s]
Per-symbol features:  93%|#########2| 307/331 [03:38<00:13,  1.78it/s]
Per-symbol features:  93%|#########3| 308/331 [03:39<00:13,  1.73it/s]
Per-symbol features:  93%|#########3| 309/331 [03:39<00:13,  1.59it/s]
Per-symbol features:  94%|#########3| 310/331 [03:40<00:13,  1.51it/s]
Per-symbol features:  94%|#########3| 311/331 [03:41<00:13,  1.45it/s]
Per-symbol features:  94%|#########4| 312/331 [03:41<00:13,  1.43it/s]
Per-symbol features:  95%|#########4| 313/331 [03:42<00:12,  1.41it/s]
Per-symbol features:  95%|#########4| 314/331 [03:43<00:12,  1.40it/s]
Per-symbol features:  95%|#########5| 315/331 [03:44<00:11,  1.38it/s]
Per-symbol features:  95%|#########5| 316/331 [03:44<00:10,  1.41it/s]
Per-symbol features:  96%|#########5| 317/331 [03:45<00:10,  1.39it/s]
Per-symbol features:  96%|#########6| 318/331 [03:46<00:09,  1.35it/s]
Per-symbol features:  96%|#########6| 319/331 [03:47<00:08,  1.35it/s]
Per-symbol features:  97%|#########6| 320/331 [03:47<00:08,  1.35it/s]
Per-symbol features:  97%|#########6| 321/331 [03:48<00:07,  1.34it/s]
Per-symbol features:  97%|#########7| 322/331 [03:49<00:06,  1.32it/s]
Per-symbol features:  98%|#########7| 323/331 [03:50<00:05,  1.34it/s]
Per-symbol features:  98%|#########7| 324/331 [03:50<00:04,  1.68it/s]
Per-symbol features:  98%|#########8| 325/331 [03:51<00:03,  1.57it/s]
Per-symbol features:  98%|#########8| 326/331 [03:51<00:03,  1.59it/s]
Per-symbol features:  99%|#########8| 327/331 [03:52<00:02,  1.49it/s]
Per-symbol features:  99%|#########9| 328/331 [03:53<00:02,  1.45it/s]
Per-symbol features:  99%|#########9| 329/331 [03:53<00:01,  1.43it/s]
Per-symbol features: 100%|#########9| 330/331 [03:54<00:00,  1.49it/s]
Per-symbol features: 100%|##########| 331/331 [03:55<00:00,  1.45it/s]
Per-symbol features: 100%|##########| 331/331 [03:55<00:00,  1.41it/s]

  Output shape: (1137910, 31)
  Columns: ['timestamp', 'open', 'high', 'low', 'close', 'volume', 'symbol', 'ret_1d', 'logret_1d', 'ret_5d', 'logret_5d', 'ret_20d', 'logret_20d', 'ret_60d', 'logret_60d', 'ret_120d', 'logret_120d', 'vol_20d', 'vol_60d', 'dollar_volume', 'dollar_volume_20d_mean', 'volume_zscore_20d', 'kalman_logprice', 'kalman_deviation', 'vol_regime_z', 'spectral_low_freq_ratio', 'ret_5d_xs_rank', 'ret_20d_xs_rank', 'ret_60d_xs_rank', 'ret_120d_xs_rank', 'vol_20d_xs_rank']

  Saved to: C:\Users\nanas\Downloads\stocks\trading-system\data_eu\features.parquet (222.0 MB)

--- SAMPLE: last 3 rows of AAPL ---
Empty DataFrame
Columns: [timestamp, close, ret_20d, ret_60d, vol_20d, kalman_deviation, vol_regime_z, spectral_low_freq_ratio, ret_20d_xs_rank, ret_60d_xs_rank]
Index: []

--- NULL RATES (top 10 worst) ---
vol_regime_z               0.080296
logret_120d                0.036013
ret_120d_xs_rank           0.034906
ret_120d                   0.034906
spectral_low_freq_ratio    0.018472
vol_60d                    0.018401
logret_60d                 0.018401
ret_60d                    0.017453
ret_60d_xs_rank            0.017453
vol_20d                    0.006660

  (High null rates at the top are expected: long-horizon features
   need 120+ days of history; DSP features need 252+ days.)
