HTTP Error 404: {"quoteSummary":{"result":null,"error":{"code":"Not Found","description":"Quote not found for symbol: WBA"}}}
$WBA: possibly delisted; no timezone found
HTTP Error 404: {"quoteSummary":{"result":null,"error":{"code":"Not Found","description":"Quote not found for symbol: MPW"}}}
$MPW: possibly delisted; no timezone found
============================================================
DIVIDEND STRATEGY PIPELINE (rules-based)
============================================================

[1] Fetching data for 44 stocks...
  [skip WBA: 'PriceHistory' object has no attribute '_dividends']
  [skip MPW: 'PriceHistory' object has no attribute '_dividends']
    Got clean data for 42 stocks

[2] Computing safety scores and screening...
    Starting universe: 42 stocks
    After yield filter (0.5%-10%):     40 stocks (2 dropped)
    After payout filter (<90%):        35 stocks (5 dropped)
    After market cap filter (>$1B):    35 stocks (0 dropped)
    After safety score filter (>=0.35): 33 stocks (2 dropped)

[3] Top 10 picks:
ticker yield div_cagr_5y payout_ratio  consec_increases fcf_coverage safety_score composite_score
   LOW 2.10%      15.87%       40.08%                26        1.89x         0.78           0.496
   BLK 1.98%       7.49%       53.76%                16        2.19x         0.95           0.493
  QCOM 1.50%       6.49%       38.28%                23        2.58x         0.90           0.479
   TGT 3.82%      11.02%       55.60%                42        1.26x         0.75           0.451
  AVGO 0.58%      12.63%       47.17%                 6        2.23x         0.90           0.447
   ABT 2.96%      10.38%       67.23%                12        1.54x         0.78           0.399
    MS 2.09%      22.42%       35.55%                12        0.00x         0.60           0.379
  MSFT 0.86%      10.22%       20.73%                20        1.47x         0.85           0.376
    GS 1.64%      22.87%       28.31%                14        0.00x         0.60           0.371
   IBM 3.01%       1.52%       59.47%                30        2.07x         0.73           0.366

[4] 3-year lookback returns (NOT a true backtest):
    Backtesting 10 picks from 2023-05-13 to 2026-05-13...
ticker price_return div_return total_return
   LOW        18.1%       7.3%        25.4%
   BLK        81.8%      10.3%        92.2%
  QCOM       111.9%      10.2%       122.1%
   TGT       -15.5%       9.3%        -6.2%
  AVGO       582.0%      10.9%       592.8%
   ABT       -18.4%       6.6%       -11.8%
    MS       154.5%      14.7%       169.3%
  MSFT        34.9%       3.1%        38.0%
    GS       216.1%      12.7%       228.8%
   IBM        95.8%      17.9%       113.7%

    Equal-weighted portfolio total return: 136.4%
    SPY benchmark over same period:      85.7%

============================================================
WARNINGS:
 - Backtest uses current fundamentals on past prices (look-ahead bias)
 - Universe is hand-picked; real systems use index membership
 - yfinance data is best-effort; production needs paid feeds
 - Past returns are NOT a guarantee of future results
============================================================

    Picks saved to: latest_picks.csv
